[2018-02-27 13:32:15] production.ERROR: PDOException: could not find driver in /var/www/html/authors/vendor/illuminate/database/Connectors/Connector.php:68
Stack trace:
#0 /var/www/html/authors/vendor/illuminate/database/Connectors/Connector.php(68): PDO->__construct('mysql:host=127....', 'root', '0000', Array)
#1 /var/www/html/authors/vendor/illuminate/database/Connectors/Connector.php(44): Illuminate\Database\Connectors\Connector->createPdoConnection('mysql:host=127....', 'root', '0000', Array)
#2 /var/www/html/authors/vendor/illuminate/database/Connectors/MySqlConnector.php(24): Illuminate\Database\Connectors\Connector->createConnection('mysql:host=127....', Array, Array)
#3 /var/www/html/authors/vendor/illuminate/database/Connectors/ConnectionFactory.php(183): Illuminate\Database\Connectors\MySqlConnector->connect(Array)
#4 [internal function]: Illuminate\Database\Connectors\ConnectionFactory->Illuminate\Database\Connectors\{closure}()
#5 /var/www/html/authors/vendor/illuminate/database/Connection.php(915): call_user_func(Object(Closure))
#6 /var/www/html/authors/vendor/illuminate/database/Connection.php(940): Illuminate\Database\Connection->getPdo()
#7 /var/www/html/authors/vendor/illuminate/database/Connection.php(399): Illuminate\Database\Connection->getReadPdo()
#8 /var/www/html/authors/vendor/illuminate/database/Connection.php(325): Illuminate\Database\Connection->getPdoForSelect(true)
#9 /var/www/html/authors/vendor/illuminate/database/Connection.php(657): Illuminate\Database\Connection->Illuminate\Database\{closure}('select * from i...', Array)
#10 /var/www/html/authors/vendor/illuminate/database/Connection.php(624): Illuminate\Database\Connection->runQueryCallback('select * from i...', Array, Object(Closure))
#11 /var/www/html/authors/vendor/illuminate/database/Connection.php(333): Illuminate\Database\Connection->run('select * from i...', Array, Object(Closure))
#12 /var/www/html/authors/vendor/illuminate/database/Schema/MySqlBuilder.php(18): Illuminate\Database\Connection->select('select * from i...', Array)
#13 /var/www/html/authors/vendor/illuminate/database/Migrations/DatabaseMigrationRepository.php(169): Illuminate\Database\Schema\MySqlBuilder->hasTable('migrations')
#14 /var/www/html/authors/vendor/illuminate/database/Migrations/Migrator.php(545): Illuminate\Database\Migrations\DatabaseMigrationRepository->repositoryExists()
#15 /var/www/html/authors/vendor/illuminate/database/Console/Migrations/MigrateCommand.php(97): Illuminate\Database\Migrations\Migrator->repositoryExists()
#16 /var/www/html/authors/vendor/illuminate/database/Console/Migrations/MigrateCommand.php(63): Illuminate\Database\Console\Migrations\MigrateCommand->prepareDatabase()
#17 [internal function]: Illuminate\Database\Console\Migrations\MigrateCommand->handle()
#18 /var/www/html/authors/vendor/illuminate/container/BoundMethod.php(29): call_user_func_array(Array, Array)
#19 /var/www/html/authors/vendor/illuminate/container/BoundMethod.php(87): Illuminate\Container\BoundMethod::Illuminate\Container\{closure}()
#20 /var/www/html/authors/vendor/illuminate/container/BoundMethod.php(31): Illuminate\Container\BoundMethod::callBoundMethod(Object(Laravel\Lumen\Application), Array, Object(Closure))
#21 /var/www/html/authors/vendor/illuminate/container/Container.php(564): Illuminate\Container\BoundMethod::call(Object(Laravel\Lumen\Application), Array, Array, NULL)
#22 /var/www/html/authors/vendor/illuminate/console/Command.php(183): Illuminate\Container\Container->call(Array)
#23 /var/www/html/authors/vendor/symfony/console/Command/Command.php(252): Illuminate\Console\Command->execute(Object(Symfony\Component\Console\Input\ArgvInput), Object(Illuminate\Console\OutputStyle))
#24 /var/www/html/authors/vendor/illuminate/console/Command.php(170): Symfony\Component\Console\Command\Command->run(Object(Symfony\Component\Console\Input\ArgvInput), Object(Illuminate\Console\OutputStyle))
#25 /var/www/html/authors/vendor/symfony/console/Application.php(865): Illuminate\Console\Command->run(Object(Symfony\Component\Console\Input\ArgvInput), Object(Symfony\Component\Console\Output\ConsoleOutput))
#26 /var/www/html/authors/vendor/symfony/console/Application.php(241): Symfony\Component\Console\Application->doRunCommand(Object(Illuminate\Database\Console\Migrations\MigrateCommand), Object(Symfony\Component\Console\Input\ArgvInput), Object(Symfony\Component\Console\Output\ConsoleOutput))
#27 /var/www/html/authors/vendor/symfony/console/Application.php(143): Symfony\Component\Console\Application->doRun(Object(Symfony\Component\Console\Input\ArgvInput), Object(Symfony\Component\Console\Output\ConsoleOutput))
#28 /var/www/html/authors/vendor/illuminate/console/Application.php(88): Symfony\Component\Console\Application->run(Object(Symfony\Component\Console\Input\ArgvInput), Object(Symfony\Component\Console\Output\ConsoleOutput))
#29 /var/www/html/authors/vendor/laravel/lumen-framework/src/Console/Kernel.php(84): Illuminate\Console\Application->run(Object(Symfony\Component\Console\Input\ArgvInput), Object(Symfony\Component\Console\Output\ConsoleOutput))
#30 /var/www/html/authors/artisan(35): Laravel\Lumen\Console\Kernel->handle(Object(Symfony\Component\Console\Input\ArgvInput), Object(Symfony\Component\Console\Output\ConsoleOutput))
#31 {main} {"exception":"[object] (PDOException(code: 0): could not find driver at /var/www/html/authors/vendor/illuminate/database/Connectors/Connector.php:68)
[stacktrace]
#0 /var/www/html/authors/vendor/illuminate/database/Connectors/Connector.php(68): PDO->__construct('mysql:host=127....', 'root', '0000', Array)
#1 /var/www/html/authors/vendor/illuminate/database/Connectors/Connector.php(44): Illuminate\\Database\\Connectors\\Connector->createPdoConnection('mysql:host=127....', 'root', '0000', Array)
#2 /var/www/html/authors/vendor/illuminate/database/Connectors/MySqlConnector.php(24): Illuminate\\Database\\Connectors\\Connector->createConnection('mysql:host=127....', Array, Array)
#3 /var/www/html/authors/vendor/illuminate/database/Connectors/ConnectionFactory.php(183): Illuminate\\Database\\Connectors\\MySqlConnector->connect(Array)
#4 [internal function]: Illuminate\\Database\\Connectors\\ConnectionFactory->Illuminate\\Database\\Connectors\\{closure}()
#5 /var/www/html/authors/vendor/illuminate/database/Connection.php(915): call_user_func(Object(Closure))
#6 /var/www/html/authors/vendor/illuminate/database/Connection.php(940): Illuminate\\Database\\Connection->getPdo()
#7 /var/www/html/authors/vendor/illuminate/database/Connection.php(399): Illuminate\\Database\\Connection->getReadPdo()
#8 /var/www/html/authors/vendor/illuminate/database/Connection.php(325): Illuminate\\Database\\Connection->getPdoForSelect(true)
#9 /var/www/html/authors/vendor/illuminate/database/Connection.php(657): Illuminate\\Database\\Connection->Illuminate\\Database\\{closure}('select * from i...', Array)
#10 /var/www/html/authors/vendor/illuminate/database/Connection.php(624): Illuminate\\Database\\Connection->runQueryCallback('select * from i...', Array, Object(Closure))
#11 /var/www/html/authors/vendor/illuminate/database/Connection.php(333): Illuminate\\Database\\Connection->run('select * from i...', Array, Object(Closure))
#12 /var/www/html/authors/vendor/illuminate/database/Schema/MySqlBuilder.php(18): Illuminate\\Database\\Connection->select('select * from i...', Array)
#13 /var/www/html/authors/vendor/illuminate/database/Migrations/DatabaseMigrationRepository.php(169): Illuminate\\Database\\Schema\\MySqlBuilder->hasTable('migrations')
#14 /var/www/html/authors/vendor/illuminate/database/Migrations/Migrator.php(545): Illuminate\\Database\\Migrations\\DatabaseMigrationRepository->repositoryExists()
#15 /var/www/html/authors/vendor/illuminate/database/Console/Migrations/MigrateCommand.php(97): Illuminate\\Database\\Migrations\\Migrator->repositoryExists()
#16 /var/www/html/authors/vendor/illuminate/database/Console/Migrations/MigrateCommand.php(63): Illuminate\\Database\\Console\\Migrations\\MigrateCommand->prepareDatabase()
#17 [internal function]: Illuminate\\Database\\Console\\Migrations\\MigrateCommand->handle()
#18 /var/www/html/authors/vendor/illuminate/container/BoundMethod.php(29): call_user_func_array(Array, Array)
#19 /var/www/html/authors/vendor/illuminate/container/BoundMethod.php(87): Illuminate\\Container\\BoundMethod::Illuminate\\Container\\{closure}()
#20 /var/www/html/authors/vendor/illuminate/container/BoundMethod.php(31): Illuminate\\Container\\BoundMethod::callBoundMethod(Object(Laravel\\Lumen\\Application), Array, Object(Closure))
#21 /var/www/html/authors/vendor/illuminate/container/Container.php(564): Illuminate\\Container\\BoundMethod::call(Object(Laravel\\Lumen\\Application), Array, Array, NULL)
#22 /var/www/html/authors/vendor/illuminate/console/Command.php(183): Illuminate\\Container\\Container->call(Array)
#23 /var/www/html/authors/vendor/symfony/console/Command/Command.php(252): Illuminate\\Console\\Command->execute(Object(Symfony\\Component\\Console\\Input\\ArgvInput), Object(Illuminate\\Console\\OutputStyle))
#24 /var/www/html/authors/vendor/illuminate/console/Command.php(170): Symfony\\Component\\Console\\Command\\Command->run(Object(Symfony\\Component\\Console\\Input\\ArgvInput), Object(Illuminate\\Console\\OutputStyle))
#25 /var/www/html/authors/vendor/symfony/console/Application.php(865): Illuminate\\Console\\Command->run(Object(Symfony\\Component\\Console\\Input\\ArgvInput), Object(Symfony\\Component\\Console\\Output\\ConsoleOutput))
#26 /var/www/html/authors/vendor/symfony/console/Application.php(241): Symfony\\Component\\Console\\Application->doRunCommand(Object(Illuminate\\Database\\Console\\Migrations\\MigrateCommand), Object(Symfony\\Component\\Console\\Input\\ArgvInput), Object(Symfony\\Component\\Console\\Output\\ConsoleOutput))
#27 /var/www/html/authors/vendor/symfony/console/Application.php(143): Symfony\\Component\\Console\\Application->doRun(Object(Symfony\\Component\\Console\\Input\\ArgvInput), Object(Symfony\\Component\\Console\\Output\\ConsoleOutput))
#28 /var/www/html/authors/vendor/illuminate/console/Application.php(88): Symfony\\Component\\Console\\Application->run(Object(Symfony\\Component\\Console\\Input\\ArgvInput), Object(Symfony\\Component\\Console\\Output\\ConsoleOutput))
#29 /var/www/html/authors/vendor/laravel/lumen-framework/src/Console/Kernel.php(84): Illuminate\\Console\\Application->run(Object(Symfony\\Component\\Console\\Input\\ArgvInput), Object(Symfony\\Component\\Console\\Output\\ConsoleOutput))
#30 /var/www/html/authors/artisan(35): Laravel\\Lumen\\Console\\Kernel->handle(Object(Symfony\\Component\\Console\\Input\\ArgvInput), Object(Symfony\\Component\\Console\\Output\\ConsoleOutput))
#31 {main}
"} 
[2018-02-27 13:32:15] production.ERROR: PDOException: could not find driver in /var/www/html/authors/vendor/illuminate/database/Connectors/Connector.php:68
Stack trace:
#0 /var/www/html/authors/vendor/illuminate/database/Connectors/Connector.php(68): PDO->__construct('mysql:host=127....', 'root', '0000', Array)
#1 /var/www/html/authors/vendor/illuminate/database/Connectors/Connector.php(44): Illuminate\Database\Connectors\Connector->createPdoConnection('mysql:host=127....', 'root', '0000', Array)
#2 /var/www/html/authors/vendor/illuminate/database/Connectors/MySqlConnector.php(24): Illuminate\Database\Connectors\Connector->createConnection('mysql:host=127....', Array, Array)
#3 /var/www/html/authors/vendor/illuminate/database/Connectors/ConnectionFactory.php(183): Illuminate\Database\Connectors\MySqlConnector->connect(Array)
#4 [internal function]: Illuminate\Database\Connectors\ConnectionFactory->Illuminate\Database\Connectors\{closure}()
#5 /var/www/html/authors/vendor/illuminate/database/Connection.php(915): call_user_func(Object(Closure))
#6 /var/www/html/authors/vendor/illuminate/database/Connection.php(940): Illuminate\Database\Connection->getPdo()
#7 /var/www/html/authors/vendor/illuminate/database/Connection.php(399): Illuminate\Database\Connection->getReadPdo()
#8 /var/www/html/authors/vendor/illuminate/database/Connection.php(325): Illuminate\Database\Connection->getPdoForSelect(true)
#9 /var/www/html/authors/vendor/illuminate/database/Connection.php(657): Illuminate\Database\Connection->Illuminate\Database\{closure}('select * from i...', Array)
#10 /var/www/html/authors/vendor/illuminate/database/Connection.php(624): Illuminate\Database\Connection->runQueryCallback('select * from i...', Array, Object(Closure))
#11 /var/www/html/authors/vendor/illuminate/database/Connection.php(333): Illuminate\Database\Connection->run('select * from i...', Array, Object(Closure))
#12 /var/www/html/authors/vendor/illuminate/database/Schema/MySqlBuilder.php(18): Illuminate\Database\Connection->select('select * from i...', Array)
#13 /var/www/html/authors/vendor/illuminate/database/Migrations/DatabaseMigrationRepository.php(169): Illuminate\Database\Schema\MySqlBuilder->hasTable('migrations')
#14 /var/www/html/authors/vendor/illuminate/database/Migrations/Migrator.php(545): Illuminate\Database\Migrations\DatabaseMigrationRepository->repositoryExists()
#15 /var/www/html/authors/vendor/illuminate/database/Console/Migrations/MigrateCommand.php(97): Illuminate\Database\Migrations\Migrator->repositoryExists()
#16 /var/www/html/authors/vendor/illuminate/database/Console/Migrations/MigrateCommand.php(63): Illuminate\Database\Console\Migrations\MigrateCommand->prepareDatabase()
#17 [internal function]: Illuminate\Database\Console\Migrations\MigrateCommand->handle()
#18 /var/www/html/authors/vendor/illuminate/container/BoundMethod.php(29): call_user_func_array(Array, Array)
#19 /var/www/html/authors/vendor/illuminate/container/BoundMethod.php(87): Illuminate\Container\BoundMethod::Illuminate\Container\{closure}()
#20 /var/www/html/authors/vendor/illuminate/container/BoundMethod.php(31): Illuminate\Container\BoundMethod::callBoundMethod(Object(Laravel\Lumen\Application), Array, Object(Closure))
#21 /var/www/html/authors/vendor/illuminate/container/Container.php(564): Illuminate\Container\BoundMethod::call(Object(Laravel\Lumen\Application), Array, Array, NULL)
#22 /var/www/html/authors/vendor/illuminate/console/Command.php(183): Illuminate\Container\Container->call(Array)
#23 /var/www/html/authors/vendor/symfony/console/Command/Command.php(252): Illuminate\Console\Command->execute(Object(Symfony\Component\Console\Input\ArgvInput), Object(Illuminate\Console\OutputStyle))
#24 /var/www/html/authors/vendor/illuminate/console/Command.php(170): Symfony\Component\Console\Command\Command->run(Object(Symfony\Component\Console\Input\ArgvInput), Object(Illuminate\Console\OutputStyle))
#25 /var/www/html/authors/vendor/symfony/console/Application.php(865): Illuminate\Console\Command->run(Object(Symfony\Component\Console\Input\ArgvInput), Object(Symfony\Component\Console\Output\ConsoleOutput))
#26 /var/www/html/authors/vendor/symfony/console/Application.php(241): Symfony\Component\Console\Application->doRunCommand(Object(Illuminate\Database\Console\Migrations\MigrateCommand), Object(Symfony\Component\Console\Input\ArgvInput), Object(Symfony\Component\Console\Output\ConsoleOutput))
#27 /var/www/html/authors/vendor/symfony/console/Application.php(143): Symfony\Component\Console\Application->doRun(Object(Symfony\Component\Console\Input\ArgvInput), Object(Symfony\Component\Console\Output\ConsoleOutput))
#28 /var/www/html/authors/vendor/illuminate/console/Application.php(88): Symfony\Component\Console\Application->run(Object(Symfony\Component\Console\Input\ArgvInput), Object(Symfony\Component\Console\Output\ConsoleOutput))
#29 /var/www/html/authors/vendor/laravel/lumen-framework/src/Console/Kernel.php(84): Illuminate\Console\Application->run(Object(Symfony\Component\Console\Input\ArgvInput), Object(Symfony\Component\Console\Output\ConsoleOutput))
#30 /var/www/html/authors/artisan(35): Laravel\Lumen\Console\Kernel->handle(Object(Symfony\Component\Console\Input\ArgvInput), Object(Symfony\Component\Console\Output\ConsoleOutput))
#31 {main}

Next Illuminate\Database\QueryException: could not find driver (SQL: select * from information_schema.tables where table_schema = my_db and table_name = migrations) in /var/www/html/authors/vendor/illuminate/database/Connection.php:664
Stack trace:
#0 /var/www/html/authors/vendor/illuminate/database/Connection.php(624): Illuminate\Database\Connection->runQueryCallback('select * from i...', Array, Object(Closure))
#1 /var/www/html/authors/vendor/illuminate/database/Connection.php(333): Illuminate\Database\Connection->run('select * from i...', Array, Object(Closure))
#2 /var/www/html/authors/vendor/illuminate/database/Schema/MySqlBuilder.php(18): Illuminate\Database\Connection->select('select * from i...', Array)
#3 /var/www/html/authors/vendor/illuminate/database/Migrations/DatabaseMigrationRepository.php(169): Illuminate\Database\Schema\MySqlBuilder->hasTable('migrations')
#4 /var/www/html/authors/vendor/illuminate/database/Migrations/Migrator.php(545): Illuminate\Database\Migrations\DatabaseMigrationRepository->repositoryExists()
#5 /var/www/html/authors/vendor/illuminate/database/Console/Migrations/MigrateCommand.php(97): Illuminate\Database\Migrations\Migrator->repositoryExists()
#6 /var/www/html/authors/vendor/illuminate/database/Console/Migrations/MigrateCommand.php(63): Illuminate\Database\Console\Migrations\MigrateCommand->prepareDatabase()
#7 [internal function]: Illuminate\Database\Console\Migrations\MigrateCommand->handle()
#8 /var/www/html/authors/vendor/illuminate/container/BoundMethod.php(29): call_user_func_array(Array, Array)
#9 /var/www/html/authors/vendor/illuminate/container/BoundMethod.php(87): Illuminate\Container\BoundMethod::Illuminate\Container\{closure}()
#10 /var/www/html/authors/vendor/illuminate/container/BoundMethod.php(31): Illuminate\Container\BoundMethod::callBoundMethod(Object(Laravel\Lumen\Application), Array, Object(Closure))
#11 /var/www/html/authors/vendor/illuminate/container/Container.php(564): Illuminate\Container\BoundMethod::call(Object(Laravel\Lumen\Application), Array, Array, NULL)
#12 /var/www/html/authors/vendor/illuminate/console/Command.php(183): Illuminate\Container\Container->call(Array)
#13 /var/www/html/authors/vendor/symfony/console/Command/Command.php(252): Illuminate\Console\Command->execute(Object(Symfony\Component\Console\Input\ArgvInput), Object(Illuminate\Console\OutputStyle))
#14 /var/www/html/authors/vendor/illuminate/console/Command.php(170): Symfony\Component\Console\Command\Command->run(Object(Symfony\Component\Console\Input\ArgvInput), Object(Illuminate\Console\OutputStyle))
#15 /var/www/html/authors/vendor/symfony/console/Application.php(865): Illuminate\Console\Command->run(Object(Symfony\Component\Console\Input\ArgvInput), Object(Symfony\Component\Console\Output\ConsoleOutput))
#16 /var/www/html/authors/vendor/symfony/console/Application.php(241): Symfony\Component\Console\Application->doRunCommand(Object(Illuminate\Database\Console\Migrations\MigrateCommand), Object(Symfony\Component\Console\Input\ArgvInput), Object(Symfony\Component\Console\Output\ConsoleOutput))
#17 /var/www/html/authors/vendor/symfony/console/Application.php(143): Symfony\Component\Console\Application->doRun(Object(Symfony\Component\Console\Input\ArgvInput), Object(Symfony\Component\Console\Output\ConsoleOutput))
#18 /var/www/html/authors/vendor/illuminate/console/Application.php(88): Symfony\Component\Console\Application->run(Object(Symfony\Component\Console\Input\ArgvInput), Object(Symfony\Component\Console\Output\ConsoleOutput))
#19 /var/www/html/authors/vendor/laravel/lumen-framework/src/Console/Kernel.php(84): Illuminate\Console\Application->run(Object(Symfony\Component\Console\Input\ArgvInput), Object(Symfony\Component\Console\Output\ConsoleOutput))
#20 /var/www/html/authors/artisan(35): Laravel\Lumen\Console\Kernel->handle(Object(Symfony\Component\Console\Input\ArgvInput), Object(Symfony\Component\Console\Output\ConsoleOutput))
#21 {main} {"exception":"[object] (Illuminate\\Database\\QueryException(code: 0): could not find driver (SQL: select * from information_schema.tables where table_schema = my_db and table_name = migrations) at /var/www/html/authors/vendor/illuminate/database/Connection.php:664, PDOException(code: 0): could not find driver at /var/www/html/authors/vendor/illuminate/database/Connectors/Connector.php:68)
[stacktrace]
#0 /var/www/html/authors/vendor/illuminate/database/Connection.php(624): Illuminate\\Database\\Connection->runQueryCallback('select * from i...', Array, Object(Closure))
#1 /var/www/html/authors/vendor/illuminate/database/Connection.php(333): Illuminate\\Database\\Connection->run('select * from i...', Array, Object(Closure))
#2 /var/www/html/authors/vendor/illuminate/database/Schema/MySqlBuilder.php(18): Illuminate\\Database\\Connection->select('select * from i...', Array)
#3 /var/www/html/authors/vendor/illuminate/database/Migrations/DatabaseMigrationRepository.php(169): Illuminate\\Database\\Schema\\MySqlBuilder->hasTable('migrations')
#4 /var/www/html/authors/vendor/illuminate/database/Migrations/Migrator.php(545): Illuminate\\Database\\Migrations\\DatabaseMigrationRepository->repositoryExists()
#5 /var/www/html/authors/vendor/illuminate/database/Console/Migrations/MigrateCommand.php(97): Illuminate\\Database\\Migrations\\Migrator->repositoryExists()
#6 /var/www/html/authors/vendor/illuminate/database/Console/Migrations/MigrateCommand.php(63): Illuminate\\Database\\Console\\Migrations\\MigrateCommand->prepareDatabase()
#7 [internal function]: Illuminate\\Database\\Console\\Migrations\\MigrateCommand->handle()
#8 /var/www/html/authors/vendor/illuminate/container/BoundMethod.php(29): call_user_func_array(Array, Array)
#9 /var/www/html/authors/vendor/illuminate/container/BoundMethod.php(87): Illuminate\\Container\\BoundMethod::Illuminate\\Container\\{closure}()
#10 /var/www/html/authors/vendor/illuminate/container/BoundMethod.php(31): Illuminate\\Container\\BoundMethod::callBoundMethod(Object(Laravel\\Lumen\\Application), Array, Object(Closure))
#11 /var/www/html/authors/vendor/illuminate/container/Container.php(564): Illuminate\\Container\\BoundMethod::call(Object(Laravel\\Lumen\\Application), Array, Array, NULL)
#12 /var/www/html/authors/vendor/illuminate/console/Command.php(183): Illuminate\\Container\\Container->call(Array)
#13 /var/www/html/authors/vendor/symfony/console/Command/Command.php(252): Illuminate\\Console\\Command->execute(Object(Symfony\\Component\\Console\\Input\\ArgvInput), Object(Illuminate\\Console\\OutputStyle))
#14 /var/www/html/authors/vendor/illuminate/console/Command.php(170): Symfony\\Component\\Console\\Command\\Command->run(Object(Symfony\\Component\\Console\\Input\\ArgvInput), Object(Illuminate\\Console\\OutputStyle))
#15 /var/www/html/authors/vendor/symfony/console/Application.php(865): Illuminate\\Console\\Command->run(Object(Symfony\\Component\\Console\\Input\\ArgvInput), Object(Symfony\\Component\\Console\\Output\\ConsoleOutput))
#16 /var/www/html/authors/vendor/symfony/console/Application.php(241): Symfony\\Component\\Console\\Application->doRunCommand(Object(Illuminate\\Database\\Console\\Migrations\\MigrateCommand), Object(Symfony\\Component\\Console\\Input\\ArgvInput), Object(Symfony\\Component\\Console\\Output\\ConsoleOutput))
#17 /var/www/html/authors/vendor/symfony/console/Application.php(143): Symfony\\Component\\Console\\Application->doRun(Object(Symfony\\Component\\Console\\Input\\ArgvInput), Object(Symfony\\Component\\Console\\Output\\ConsoleOutput))
#18 /var/www/html/authors/vendor/illuminate/console/Application.php(88): Symfony\\Component\\Console\\Application->run(Object(Symfony\\Component\\Console\\Input\\ArgvInput), Object(Symfony\\Component\\Console\\Output\\ConsoleOutput))
#19 /var/www/html/authors/vendor/laravel/lumen-framework/src/Console/Kernel.php(84): Illuminate\\Console\\Application->run(Object(Symfony\\Component\\Console\\Input\\ArgvInput), Object(Symfony\\Component\\Console\\Output\\ConsoleOutput))
#20 /var/www/html/authors/artisan(35): Laravel\\Lumen\\Console\\Kernel->handle(Object(Symfony\\Component\\Console\\Input\\ArgvInput), Object(Symfony\\Component\\Console\\Output\\ConsoleOutput))
#21 {main}
"} 
[2018-02-27 14:35:22] production.ERROR: Symfony\Component\Debug\Exception\FatalThrowableError: Parse error: syntax error, unexpected '*', expecting end of file in /var/www/html/authors/routes/web.php:39
Stack trace:
#0 [internal function]: {closure}(Object(Laravel\Lumen\Routing\Router))
#1 /var/www/html/authors/vendor/laravel/lumen-framework/src/Routing/Router.php(62): call_user_func(Object(Closure), Object(Laravel\Lumen\Routing\Router))
#2 /var/www/html/authors/bootstrap/app.php(100): Laravel\Lumen\Routing\Router->group(Array, Object(Closure))
#3 /var/www/html/authors/public/index.php(14): require('/var/www/html/a...')
#4 {main} {"exception":"[object] (Symfony\\Component\\Debug\\Exception\\FatalThrowableError(code: 0): Parse error: syntax error, unexpected '*', expecting end of file at /var/www/html/authors/routes/web.php:39)
[stacktrace]
#0 [internal function]: {closure}(Object(Laravel\\Lumen\\Routing\\Router))
#1 /var/www/html/authors/vendor/laravel/lumen-framework/src/Routing/Router.php(62): call_user_func(Object(Closure), Object(Laravel\\Lumen\\Routing\\Router))
#2 /var/www/html/authors/bootstrap/app.php(100): Laravel\\Lumen\\Routing\\Router->group(Array, Object(Closure))
#3 /var/www/html/authors/public/index.php(14): require('/var/www/html/a...')
#4 {main}
"} 
[2018-02-27 14:37:36] production.ERROR: Symfony\Component\Debug\Exception\FatalThrowableError: Parse error: syntax error, unexpected '*', expecting end of file in /var/www/html/authors/routes/web.php:39
Stack trace:
#0 [internal function]: {closure}(Object(Laravel\Lumen\Routing\Router))
#1 /var/www/html/authors/vendor/laravel/lumen-framework/src/Routing/Router.php(62): call_user_func(Object(Closure), Object(Laravel\Lumen\Routing\Router))
#2 /var/www/html/authors/bootstrap/app.php(100): Laravel\Lumen\Routing\Router->group(Array, Object(Closure))
#3 /var/www/html/authors/public/index.php(14): require('/var/www/html/a...')
#4 {main} {"exception":"[object] (Symfony\\Component\\Debug\\Exception\\FatalThrowableError(code: 0): Parse error: syntax error, unexpected '*', expecting end of file at /var/www/html/authors/routes/web.php:39)
[stacktrace]
#0 [internal function]: {closure}(Object(Laravel\\Lumen\\Routing\\Router))
#1 /var/www/html/authors/vendor/laravel/lumen-framework/src/Routing/Router.php(62): call_user_func(Object(Closure), Object(Laravel\\Lumen\\Routing\\Router))
#2 /var/www/html/authors/bootstrap/app.php(100): Laravel\\Lumen\\Routing\\Router->group(Array, Object(Closure))
#3 /var/www/html/authors/public/index.php(14): require('/var/www/html/a...')
#4 {main}
"} 
[2018-02-27 14:37:36] production.ERROR: Symfony\Component\Debug\Exception\FatalThrowableError: Parse error: syntax error, unexpected '*', expecting end of file in /var/www/html/authors/routes/web.php:39
Stack trace:
#0 [internal function]: {closure}(Object(Laravel\Lumen\Routing\Router))
#1 /var/www/html/authors/vendor/laravel/lumen-framework/src/Routing/Router.php(62): call_user_func(Object(Closure), Object(Laravel\Lumen\Routing\Router))
#2 /var/www/html/authors/bootstrap/app.php(100): Laravel\Lumen\Routing\Router->group(Array, Object(Closure))
#3 /var/www/html/authors/public/index.php(14): require('/var/www/html/a...')
#4 {main} {"exception":"[object] (Symfony\\Component\\Debug\\Exception\\FatalThrowableError(code: 0): Parse error: syntax error, unexpected '*', expecting end of file at /var/www/html/authors/routes/web.php:39)
[stacktrace]
#0 [internal function]: {closure}(Object(Laravel\\Lumen\\Routing\\Router))
#1 /var/www/html/authors/vendor/laravel/lumen-framework/src/Routing/Router.php(62): call_user_func(Object(Closure), Object(Laravel\\Lumen\\Routing\\Router))
#2 /var/www/html/authors/bootstrap/app.php(100): Laravel\\Lumen\\Routing\\Router->group(Array, Object(Closure))
#3 /var/www/html/authors/public/index.php(14): require('/var/www/html/a...')
#4 {main}
"} 
[2018-02-27 14:39:45] production.ERROR: Symfony\Component\Debug\Exception\FatalThrowableError: Parse error: syntax error, unexpected end of file, expecting function (T_FUNCTION) or const (T_CONST) in /var/www/html/authors/app/Author.php:17
Stack trace:
#0 /var/www/html/authors/vendor/composer/ClassLoader.php(322): Composer\Autoload\includeFile('/var/www/html/a...')
#1 [internal function]: Composer\Autoload\ClassLoader->loadClass('App\\Author')
#2 /var/www/html/authors/app/Http/Controllers/AuthorController.php(12): spl_autoload_call('App\\Author')
#3 [internal function]: App\Http\Controllers\AuthorController->showAllAuthors()
#4 /var/www/html/authors/vendor/illuminate/container/BoundMethod.php(29): call_user_func_array(Array, Array)
#5 /var/www/html/authors/vendor/illuminate/container/BoundMethod.php(87): Illuminate\Container\BoundMethod::Illuminate\Container\{closure}()
#6 /var/www/html/authors/vendor/illuminate/container/BoundMethod.php(31): Illuminate\Container\BoundMethod::callBoundMethod(Object(Laravel\Lumen\Application), Array, Object(Closure))
#7 /var/www/html/authors/vendor/illuminate/container/Container.php(564): Illuminate\Container\BoundMethod::call(Object(Laravel\Lumen\Application), Array, Array, NULL)
#8 /var/www/html/authors/vendor/laravel/lumen-framework/src/Concerns/RoutesRequests.php(373): Illuminate\Container\Container->call(Array, Array)
#9 /var/www/html/authors/vendor/laravel/lumen-framework/src/Concerns/RoutesRequests.php(339): Laravel\Lumen\Application->callControllerCallable(Array, Array)
#10 /var/www/html/authors/vendor/laravel/lumen-framework/src/Concerns/RoutesRequests.php(313): Laravel\Lumen\Application->callLumenController(Object(App\Http\Controllers\AuthorController), 'showAllAuthors', Array)
#11 /var/www/html/authors/vendor/laravel/lumen-framework/src/Concerns/RoutesRequests.php(275): Laravel\Lumen\Application->callControllerAction(Array)
#12 /var/www/html/authors/vendor/laravel/lumen-framework/src/Concerns/RoutesRequests.php(260): Laravel\Lumen\Application->callActionOnArrayBasedRoute(Array)
#13 /var/www/html/authors/vendor/laravel/lumen-framework/src/Concerns/RoutesRequests.php(160): Laravel\Lumen\Application->handleFoundRoute(Array)
#14 /var/www/html/authors/vendor/laravel/lumen-framework/src/Concerns/RoutesRequests.php(413): Laravel\Lumen\Application->Laravel\Lumen\Concerns\{closure}()
#15 /var/www/html/authors/vendor/laravel/lumen-framework/src/Concerns/RoutesRequests.php(166): Laravel\Lumen\Application->sendThroughPipeline(Array, Object(Closure))
#16 /var/www/html/authors/vendor/laravel/lumen-framework/src/Concerns/RoutesRequests.php(107): Laravel\Lumen\Application->dispatch(NULL)
#17 /var/www/html/authors/public/index.php(28): Laravel\Lumen\Application->run()
#18 {main} {"exception":"[object] (Symfony\\Component\\Debug\\Exception\\FatalThrowableError(code: 0): Parse error: syntax error, unexpected end of file, expecting function (T_FUNCTION) or const (T_CONST) at /var/www/html/authors/app/Author.php:17)
[stacktrace]
#0 /var/www/html/authors/vendor/composer/ClassLoader.php(322): Composer\\Autoload\\includeFile('/var/www/html/a...')
#1 [internal function]: Composer\\Autoload\\ClassLoader->loadClass('App\\\\Author')
#2 /var/www/html/authors/app/Http/Controllers/AuthorController.php(12): spl_autoload_call('App\\\\Author')
#3 [internal function]: App\\Http\\Controllers\\AuthorController->showAllAuthors()
#4 /var/www/html/authors/vendor/illuminate/container/BoundMethod.php(29): call_user_func_array(Array, Array)
#5 /var/www/html/authors/vendor/illuminate/container/BoundMethod.php(87): Illuminate\\Container\\BoundMethod::Illuminate\\Container\\{closure}()
#6 /var/www/html/authors/vendor/illuminate/container/BoundMethod.php(31): Illuminate\\Container\\BoundMethod::callBoundMethod(Object(Laravel\\Lumen\\Application), Array, Object(Closure))
#7 /var/www/html/authors/vendor/illuminate/container/Container.php(564): Illuminate\\Container\\BoundMethod::call(Object(Laravel\\Lumen\\Application), Array, Array, NULL)
#8 /var/www/html/authors/vendor/laravel/lumen-framework/src/Concerns/RoutesRequests.php(373): Illuminate\\Container\\Container->call(Array, Array)
#9 /var/www/html/authors/vendor/laravel/lumen-framework/src/Concerns/RoutesRequests.php(339): Laravel\\Lumen\\Application->callControllerCallable(Array, Array)
#10 /var/www/html/authors/vendor/laravel/lumen-framework/src/Concerns/RoutesRequests.php(313): Laravel\\Lumen\\Application->callLumenController(Object(App\\Http\\Controllers\\AuthorController), 'showAllAuthors', Array)
#11 /var/www/html/authors/vendor/laravel/lumen-framework/src/Concerns/RoutesRequests.php(275): Laravel\\Lumen\\Application->callControllerAction(Array)
#12 /var/www/html/authors/vendor/laravel/lumen-framework/src/Concerns/RoutesRequests.php(260): Laravel\\Lumen\\Application->callActionOnArrayBasedRoute(Array)
#13 /var/www/html/authors/vendor/laravel/lumen-framework/src/Concerns/RoutesRequests.php(160): Laravel\\Lumen\\Application->handleFoundRoute(Array)
#14 /var/www/html/authors/vendor/laravel/lumen-framework/src/Concerns/RoutesRequests.php(413): Laravel\\Lumen\\Application->Laravel\\Lumen\\Concerns\\{closure}()
#15 /var/www/html/authors/vendor/laravel/lumen-framework/src/Concerns/RoutesRequests.php(166): Laravel\\Lumen\\Application->sendThroughPipeline(Array, Object(Closure))
#16 /var/www/html/authors/vendor/laravel/lumen-framework/src/Concerns/RoutesRequests.php(107): Laravel\\Lumen\\Application->dispatch(NULL)
#17 /var/www/html/authors/public/index.php(28): Laravel\\Lumen\\Application->run()
#18 {main}
"} 
[2018-02-27 14:41:35] production.ERROR: Symfony\Component\Debug\Exception\FatalErrorException: Class 'Illuminate\Database\Eloquent\Mode1' not found in /var/www/html/authors/app/Author.php:7
Stack trace:
#0 /var/www/html/authors/vendor/laravel/lumen-framework/src/Concerns/RegistersExceptionHandlers.php(54): Laravel\Lumen\Application->handleShutdown()
#1 [internal function]: Laravel\Lumen\Application->Laravel\Lumen\Concerns\{closure}()
#2 {main} {"exception":"[object] (Symfony\\Component\\Debug\\Exception\\FatalErrorException(code: 1): Class 'Illuminate\\Database\\Eloquent\\Mode1' not found at /var/www/html/authors/app/Author.php:7)
[stacktrace]
#0 /var/www/html/authors/vendor/laravel/lumen-framework/src/Concerns/RegistersExceptionHandlers.php(54): Laravel\\Lumen\\Application->handleShutdown()
#1 [internal function]: Laravel\\Lumen\\Application->Laravel\\Lumen\\Concerns\\{closure}()
#2 {main}
"} 
[2018-02-27 16:01:33] production.ERROR: PDOException: SQLSTATE[42S02]: Base table or view not found: 1146 Table 'my_db.users' doesn't exist in /var/www/html/authors/vendor/illuminate/database/Connection.php:326
Stack trace:
#0 /var/www/html/authors/vendor/illuminate/database/Connection.php(326): PDO->prepare('select count(*)...')
#1 /var/www/html/authors/vendor/illuminate/database/Connection.php(657): Illuminate\Database\Connection->Illuminate\Database\{closure}('select count(*)...', Array)
#2 /var/www/html/authors/vendor/illuminate/database/Connection.php(624): Illuminate\Database\Connection->runQueryCallback('select count(*)...', Array, Object(Closure))
#3 /var/www/html/authors/vendor/illuminate/database/Connection.php(333): Illuminate\Database\Connection->run('select count(*)...', Array, Object(Closure))
#4 /var/www/html/authors/vendor/illuminate/database/Query/Builder.php(1760): Illuminate\Database\Connection->select('select count(*)...', Array, false)
#5 /var/www/html/authors/vendor/illuminate/database/Query/Builder.php(1745): Illuminate\Database\Query\Builder->runSelect()
#6 /var/www/html/authors/vendor/illuminate/database/Query/Builder.php(2092): Illuminate\Database\Query\Builder->get(Array)
#7 /var/www/html/authors/vendor/illuminate/database/Query/Builder.php(2020): Illuminate\Database\Query\Builder->aggregate('count', Array)
#8 /var/www/html/authors/vendor/illuminate/validation/DatabasePresenceVerifier.php(55): Illuminate\Database\Query\Builder->count()
#9 /var/www/html/authors/vendor/illuminate/validation/Concerns/ValidatesAttributes.php(687): Illuminate\Validation\DatabasePresenceVerifier->getCount('users', 'email', 'jerem@jerem.jer...', NULL, NULL, Array)
#10 /var/www/html/authors/vendor/illuminate/validation/Validator.php(359): Illuminate\Validation\Validator->validateUnique('email', 'jerem@jerem.jer...', Array, Object(Illuminate\Validation\Validator))
#11 /var/www/html/authors/vendor/illuminate/validation/Validator.php(268): Illuminate\Validation\Validator->validateAttribute('email', 'Unique')
#12 /var/www/html/authors/vendor/illuminate/validation/Validator.php(293): Illuminate\Validation\Validator->passes()
#13 /var/www/html/authors/vendor/laravel/lumen-framework/src/Routing/ProvidesConvenienceMethods.php(63): Illuminate\Validation\Validator->fails()
#14 /var/www/html/authors/app/Http/Controllers/AuthorController.php(21): Laravel\Lumen\Routing\Controller->validate(Object(Illuminate\Http\Request), Array)
#15 [internal function]: App\Http\Controllers\AuthorController->create(Object(Illuminate\Http\Request))
#16 /var/www/html/authors/vendor/illuminate/container/BoundMethod.php(29): call_user_func_array(Array, Array)
#17 /var/www/html/authors/vendor/illuminate/container/BoundMethod.php(87): Illuminate\Container\BoundMethod::Illuminate\Container\{closure}()
#18 /var/www/html/authors/vendor/illuminate/container/BoundMethod.php(31): Illuminate\Container\BoundMethod::callBoundMethod(Object(Laravel\Lumen\Application), Array, Object(Closure))
#19 /var/www/html/authors/vendor/illuminate/container/Container.php(564): Illuminate\Container\BoundMethod::call(Object(Laravel\Lumen\Application), Array, Array, NULL)
#20 /var/www/html/authors/vendor/laravel/lumen-framework/src/Concerns/RoutesRequests.php(373): Illuminate\Container\Container->call(Array, Array)
#21 /var/www/html/authors/vendor/laravel/lumen-framework/src/Concerns/RoutesRequests.php(339): Laravel\Lumen\Application->callControllerCallable(Array, Array)
#22 /var/www/html/authors/vendor/laravel/lumen-framework/src/Concerns/RoutesRequests.php(313): Laravel\Lumen\Application->callLumenController(Object(App\Http\Controllers\AuthorController), 'create', Array)
#23 /var/www/html/authors/vendor/laravel/lumen-framework/src/Concerns/RoutesRequests.php(275): Laravel\Lumen\Application->callControllerAction(Array)
#24 /var/www/html/authors/vendor/laravel/lumen-framework/src/Concerns/RoutesRequests.php(260): Laravel\Lumen\Application->callActionOnArrayBasedRoute(Array)
#25 /var/www/html/authors/vendor/laravel/lumen-framework/src/Concerns/RoutesRequests.php(160): Laravel\Lumen\Application->handleFoundRoute(Array)
#26 /var/www/html/authors/vendor/laravel/lumen-framework/src/Concerns/RoutesRequests.php(413): Laravel\Lumen\Application->Laravel\Lumen\Concerns\{closure}()
#27 /var/www/html/authors/vendor/laravel/lumen-framework/src/Concerns/RoutesRequests.php(166): Laravel\Lumen\Application->sendThroughPipeline(Array, Object(Closure))
#28 /var/www/html/authors/vendor/laravel/lumen-framework/src/Concerns/RoutesRequests.php(107): Laravel\Lumen\Application->dispatch(NULL)
#29 /var/www/html/authors/public/index.php(28): Laravel\Lumen\Application->run()
#30 {main}

Next Illuminate\Database\QueryException: SQLSTATE[42S02]: Base table or view not found: 1146 Table 'my_db.users' doesn't exist (SQL: select count(*) as aggregate from `users` where `email` = jerem@jerem.jerem) in /var/www/html/authors/vendor/illuminate/database/Connection.php:664
Stack trace:
#0 /var/www/html/authors/vendor/illuminate/database/Connection.php(624): Illuminate\Database\Connection->runQueryCallback('select count(*)...', Array, Object(Closure))
#1 /var/www/html/authors/vendor/illuminate/database/Connection.php(333): Illuminate\Database\Connection->run('select count(*)...', Array, Object(Closure))
#2 /var/www/html/authors/vendor/illuminate/database/Query/Builder.php(1760): Illuminate\Database\Connection->select('select count(*)...', Array, false)
#3 /var/www/html/authors/vendor/illuminate/database/Query/Builder.php(1745): Illuminate\Database\Query\Builder->runSelect()
#4 /var/www/html/authors/vendor/illuminate/database/Query/Builder.php(2092): Illuminate\Database\Query\Builder->get(Array)
#5 /var/www/html/authors/vendor/illuminate/database/Query/Builder.php(2020): Illuminate\Database\Query\Builder->aggregate('count', Array)
#6 /var/www/html/authors/vendor/illuminate/validation/DatabasePresenceVerifier.php(55): Illuminate\Database\Query\Builder->count()
#7 /var/www/html/authors/vendor/illuminate/validation/Concerns/ValidatesAttributes.php(687): Illuminate\Validation\DatabasePresenceVerifier->getCount('users', 'email', 'jerem@jerem.jer...', NULL, NULL, Array)
#8 /var/www/html/authors/vendor/illuminate/validation/Validator.php(359): Illuminate\Validation\Validator->validateUnique('email', 'jerem@jerem.jer...', Array, Object(Illuminate\Validation\Validator))
#9 /var/www/html/authors/vendor/illuminate/validation/Validator.php(268): Illuminate\Validation\Validator->validateAttribute('email', 'Unique')
#10 /var/www/html/authors/vendor/illuminate/validation/Validator.php(293): Illuminate\Validation\Validator->passes()
#11 /var/www/html/authors/vendor/laravel/lumen-framework/src/Routing/ProvidesConvenienceMethods.php(63): Illuminate\Validation\Validator->fails()
#12 /var/www/html/authors/app/Http/Controllers/AuthorController.php(21): Laravel\Lumen\Routing\Controller->validate(Object(Illuminate\Http\Request), Array)
#13 [internal function]: App\Http\Controllers\AuthorController->create(Object(Illuminate\Http\Request))
#14 /var/www/html/authors/vendor/illuminate/container/BoundMethod.php(29): call_user_func_array(Array, Array)
#15 /var/www/html/authors/vendor/illuminate/container/BoundMethod.php(87): Illuminate\Container\BoundMethod::Illuminate\Container\{closure}()
#16 /var/www/html/authors/vendor/illuminate/container/BoundMethod.php(31): Illuminate\Container\BoundMethod::callBoundMethod(Object(Laravel\Lumen\Application), Array, Object(Closure))
#17 /var/www/html/authors/vendor/illuminate/container/Container.php(564): Illuminate\Container\BoundMethod::call(Object(Laravel\Lumen\Application), Array, Array, NULL)
#18 /var/www/html/authors/vendor/laravel/lumen-framework/src/Concerns/RoutesRequests.php(373): Illuminate\Container\Container->call(Array, Array)
#19 /var/www/html/authors/vendor/laravel/lumen-framework/src/Concerns/RoutesRequests.php(339): Laravel\Lumen\Application->callControllerCallable(Array, Array)
#20 /var/www/html/authors/vendor/laravel/lumen-framework/src/Concerns/RoutesRequests.php(313): Laravel\Lumen\Application->callLumenController(Object(App\Http\Controllers\AuthorController), 'create', Array)
#21 /var/www/html/authors/vendor/laravel/lumen-framework/src/Concerns/RoutesRequests.php(275): Laravel\Lumen\Application->callControllerAction(Array)
#22 /var/www/html/authors/vendor/laravel/lumen-framework/src/Concerns/RoutesRequests.php(260): Laravel\Lumen\Application->callActionOnArrayBasedRoute(Array)
#23 /var/www/html/authors/vendor/laravel/lumen-framework/src/Concerns/RoutesRequests.php(160): Laravel\Lumen\Application->handleFoundRoute(Array)
#24 /var/www/html/authors/vendor/laravel/lumen-framework/src/Concerns/RoutesRequests.php(413): Laravel\Lumen\Application->Laravel\Lumen\Concerns\{closure}()
#25 /var/www/html/authors/vendor/laravel/lumen-framework/src/Concerns/RoutesRequests.php(166): Laravel\Lumen\Application->sendThroughPipeline(Array, Object(Closure))
#26 /var/www/html/authors/vendor/laravel/lumen-framework/src/Concerns/RoutesRequests.php(107): Laravel\Lumen\Application->dispatch(NULL)
#27 /var/www/html/authors/public/index.php(28): Laravel\Lumen\Application->run()
#28 {main} {"exception":"[object] (Illuminate\\Database\\QueryException(code: 42S02): SQLSTATE[42S02]: Base table or view not found: 1146 Table 'my_db.users' doesn't exist (SQL: select count(*) as aggregate from `users` where `email` = jerem@jerem.jerem) at /var/www/html/authors/vendor/illuminate/database/Connection.php:664, PDOException(code: 42S02): SQLSTATE[42S02]: Base table or view not found: 1146 Table 'my_db.users' doesn't exist at /var/www/html/authors/vendor/illuminate/database/Connection.php:326)
[stacktrace]
#0 /var/www/html/authors/vendor/illuminate/database/Connection.php(624): Illuminate\\Database\\Connection->runQueryCallback('select count(*)...', Array, Object(Closure))
#1 /var/www/html/authors/vendor/illuminate/database/Connection.php(333): Illuminate\\Database\\Connection->run('select count(*)...', Array, Object(Closure))
#2 /var/www/html/authors/vendor/illuminate/database/Query/Builder.php(1760): Illuminate\\Database\\Connection->select('select count(*)...', Array, false)
#3 /var/www/html/authors/vendor/illuminate/database/Query/Builder.php(1745): Illuminate\\Database\\Query\\Builder->runSelect()
#4 /var/www/html/authors/vendor/illuminate/database/Query/Builder.php(2092): Illuminate\\Database\\Query\\Builder->get(Array)
#5 /var/www/html/authors/vendor/illuminate/database/Query/Builder.php(2020): Illuminate\\Database\\Query\\Builder->aggregate('count', Array)
#6 /var/www/html/authors/vendor/illuminate/validation/DatabasePresenceVerifier.php(55): Illuminate\\Database\\Query\\Builder->count()
#7 /var/www/html/authors/vendor/illuminate/validation/Concerns/ValidatesAttributes.php(687): Illuminate\\Validation\\DatabasePresenceVerifier->getCount('users', 'email', 'jerem@jerem.jer...', NULL, NULL, Array)
#8 /var/www/html/authors/vendor/illuminate/validation/Validator.php(359): Illuminate\\Validation\\Validator->validateUnique('email', 'jerem@jerem.jer...', Array, Object(Illuminate\\Validation\\Validator))
#9 /var/www/html/authors/vendor/illuminate/validation/Validator.php(268): Illuminate\\Validation\\Validator->validateAttribute('email', 'Unique')
#10 /var/www/html/authors/vendor/illuminate/validation/Validator.php(293): Illuminate\\Validation\\Validator->passes()
#11 /var/www/html/authors/vendor/laravel/lumen-framework/src/Routing/ProvidesConvenienceMethods.php(63): Illuminate\\Validation\\Validator->fails()
#12 /var/www/html/authors/app/Http/Controllers/AuthorController.php(21): Laravel\\Lumen\\Routing\\Controller->validate(Object(Illuminate\\Http\\Request), Array)
#13 [internal function]: App\\Http\\Controllers\\AuthorController->create(Object(Illuminate\\Http\\Request))
#14 /var/www/html/authors/vendor/illuminate/container/BoundMethod.php(29): call_user_func_array(Array, Array)
#15 /var/www/html/authors/vendor/illuminate/container/BoundMethod.php(87): Illuminate\\Container\\BoundMethod::Illuminate\\Container\\{closure}()
#16 /var/www/html/authors/vendor/illuminate/container/BoundMethod.php(31): Illuminate\\Container\\BoundMethod::callBoundMethod(Object(Laravel\\Lumen\\Application), Array, Object(Closure))
#17 /var/www/html/authors/vendor/illuminate/container/Container.php(564): Illuminate\\Container\\BoundMethod::call(Object(Laravel\\Lumen\\Application), Array, Array, NULL)
#18 /var/www/html/authors/vendor/laravel/lumen-framework/src/Concerns/RoutesRequests.php(373): Illuminate\\Container\\Container->call(Array, Array)
#19 /var/www/html/authors/vendor/laravel/lumen-framework/src/Concerns/RoutesRequests.php(339): Laravel\\Lumen\\Application->callControllerCallable(Array, Array)
#20 /var/www/html/authors/vendor/laravel/lumen-framework/src/Concerns/RoutesRequests.php(313): Laravel\\Lumen\\Application->callLumenController(Object(App\\Http\\Controllers\\AuthorController), 'create', Array)
#21 /var/www/html/authors/vendor/laravel/lumen-framework/src/Concerns/RoutesRequests.php(275): Laravel\\Lumen\\Application->callControllerAction(Array)
#22 /var/www/html/authors/vendor/laravel/lumen-framework/src/Concerns/RoutesRequests.php(260): Laravel\\Lumen\\Application->callActionOnArrayBasedRoute(Array)
#23 /var/www/html/authors/vendor/laravel/lumen-framework/src/Concerns/RoutesRequests.php(160): Laravel\\Lumen\\Application->handleFoundRoute(Array)
#24 /var/www/html/authors/vendor/laravel/lumen-framework/src/Concerns/RoutesRequests.php(413): Laravel\\Lumen\\Application->Laravel\\Lumen\\Concerns\\{closure}()
#25 /var/www/html/authors/vendor/laravel/lumen-framework/src/Concerns/RoutesRequests.php(166): Laravel\\Lumen\\Application->sendThroughPipeline(Array, Object(Closure))
#26 /var/www/html/authors/vendor/laravel/lumen-framework/src/Concerns/RoutesRequests.php(107): Laravel\\Lumen\\Application->dispatch(NULL)
#27 /var/www/html/authors/public/index.php(28): Laravel\\Lumen\\Application->run()
#28 {main}
"} 
[2018-02-27 16:01:58] production.ERROR: PDOException: SQLSTATE[42S02]: Base table or view not found: 1146 Table 'my_db.users' doesn't exist in /var/www/html/authors/vendor/illuminate/database/Connection.php:326
Stack trace:
#0 /var/www/html/authors/vendor/illuminate/database/Connection.php(326): PDO->prepare('select count(*)...')
#1 /var/www/html/authors/vendor/illuminate/database/Connection.php(657): Illuminate\Database\Connection->Illuminate\Database\{closure}('select count(*)...', Array)
#2 /var/www/html/authors/vendor/illuminate/database/Connection.php(624): Illuminate\Database\Connection->runQueryCallback('select count(*)...', Array, Object(Closure))
#3 /var/www/html/authors/vendor/illuminate/database/Connection.php(333): Illuminate\Database\Connection->run('select count(*)...', Array, Object(Closure))
#4 /var/www/html/authors/vendor/illuminate/database/Query/Builder.php(1760): Illuminate\Database\Connection->select('select count(*)...', Array, false)
#5 /var/www/html/authors/vendor/illuminate/database/Query/Builder.php(1745): Illuminate\Database\Query\Builder->runSelect()
#6 /var/www/html/authors/vendor/illuminate/database/Query/Builder.php(2092): Illuminate\Database\Query\Builder->get(Array)
#7 /var/www/html/authors/vendor/illuminate/database/Query/Builder.php(2020): Illuminate\Database\Query\Builder->aggregate('count', Array)
#8 /var/www/html/authors/vendor/illuminate/validation/DatabasePresenceVerifier.php(55): Illuminate\Database\Query\Builder->count()
#9 /var/www/html/authors/vendor/illuminate/validation/Concerns/ValidatesAttributes.php(687): Illuminate\Validation\DatabasePresenceVerifier->getCount('users', 'email', 'jerem@jerem.jer...', NULL, NULL, Array)
#10 /var/www/html/authors/vendor/illuminate/validation/Validator.php(359): Illuminate\Validation\Validator->validateUnique('email', 'jerem@jerem.jer...', Array, Object(Illuminate\Validation\Validator))
#11 /var/www/html/authors/vendor/illuminate/validation/Validator.php(268): Illuminate\Validation\Validator->validateAttribute('email', 'Unique')
#12 /var/www/html/authors/vendor/illuminate/validation/Validator.php(293): Illuminate\Validation\Validator->passes()
#13 /var/www/html/authors/vendor/laravel/lumen-framework/src/Routing/ProvidesConvenienceMethods.php(63): Illuminate\Validation\Validator->fails()
#14 /var/www/html/authors/app/Http/Controllers/AuthorController.php(21): Laravel\Lumen\Routing\Controller->validate(Object(Illuminate\Http\Request), Array)
#15 [internal function]: App\Http\Controllers\AuthorController->create(Object(Illuminate\Http\Request))
#16 /var/www/html/authors/vendor/illuminate/container/BoundMethod.php(29): call_user_func_array(Array, Array)
#17 /var/www/html/authors/vendor/illuminate/container/BoundMethod.php(87): Illuminate\Container\BoundMethod::Illuminate\Container\{closure}()
#18 /var/www/html/authors/vendor/illuminate/container/BoundMethod.php(31): Illuminate\Container\BoundMethod::callBoundMethod(Object(Laravel\Lumen\Application), Array, Object(Closure))
#19 /var/www/html/authors/vendor/illuminate/container/Container.php(564): Illuminate\Container\BoundMethod::call(Object(Laravel\Lumen\Application), Array, Array, NULL)
#20 /var/www/html/authors/vendor/laravel/lumen-framework/src/Concerns/RoutesRequests.php(373): Illuminate\Container\Container->call(Array, Array)
#21 /var/www/html/authors/vendor/laravel/lumen-framework/src/Concerns/RoutesRequests.php(339): Laravel\Lumen\Application->callControllerCallable(Array, Array)
#22 /var/www/html/authors/vendor/laravel/lumen-framework/src/Concerns/RoutesRequests.php(313): Laravel\Lumen\Application->callLumenController(Object(App\Http\Controllers\AuthorController), 'create', Array)
#23 /var/www/html/authors/vendor/laravel/lumen-framework/src/Concerns/RoutesRequests.php(275): Laravel\Lumen\Application->callControllerAction(Array)
#24 /var/www/html/authors/vendor/laravel/lumen-framework/src/Concerns/RoutesRequests.php(260): Laravel\Lumen\Application->callActionOnArrayBasedRoute(Array)
#25 /var/www/html/authors/vendor/laravel/lumen-framework/src/Concerns/RoutesRequests.php(160): Laravel\Lumen\Application->handleFoundRoute(Array)
#26 /var/www/html/authors/vendor/laravel/lumen-framework/src/Concerns/RoutesRequests.php(413): Laravel\Lumen\Application->Laravel\Lumen\Concerns\{closure}()
#27 /var/www/html/authors/vendor/laravel/lumen-framework/src/Concerns/RoutesRequests.php(166): Laravel\Lumen\Application->sendThroughPipeline(Array, Object(Closure))
#28 /var/www/html/authors/vendor/laravel/lumen-framework/src/Concerns/RoutesRequests.php(107): Laravel\Lumen\Application->dispatch(NULL)
#29 /var/www/html/authors/public/index.php(28): Laravel\Lumen\Application->run()
#30 {main}

Next Illuminate\Database\QueryException: SQLSTATE[42S02]: Base table or view not found: 1146 Table 'my_db.users' doesn't exist (SQL: select count(*) as aggregate from `users` where `email` = jerem@jerem.jerem) in /var/www/html/authors/vendor/illuminate/database/Connection.php:664
Stack trace:
#0 /var/www/html/authors/vendor/illuminate/database/Connection.php(624): Illuminate\Database\Connection->runQueryCallback('select count(*)...', Array, Object(Closure))
#1 /var/www/html/authors/vendor/illuminate/database/Connection.php(333): Illuminate\Database\Connection->run('select count(*)...', Array, Object(Closure))
#2 /var/www/html/authors/vendor/illuminate/database/Query/Builder.php(1760): Illuminate\Database\Connection->select('select count(*)...', Array, false)
#3 /var/www/html/authors/vendor/illuminate/database/Query/Builder.php(1745): Illuminate\Database\Query\Builder->runSelect()
#4 /var/www/html/authors/vendor/illuminate/database/Query/Builder.php(2092): Illuminate\Database\Query\Builder->get(Array)
#5 /var/www/html/authors/vendor/illuminate/database/Query/Builder.php(2020): Illuminate\Database\Query\Builder->aggregate('count', Array)
#6 /var/www/html/authors/vendor/illuminate/validation/DatabasePresenceVerifier.php(55): Illuminate\Database\Query\Builder->count()
#7 /var/www/html/authors/vendor/illuminate/validation/Concerns/ValidatesAttributes.php(687): Illuminate\Validation\DatabasePresenceVerifier->getCount('users', 'email', 'jerem@jerem.jer...', NULL, NULL, Array)
#8 /var/www/html/authors/vendor/illuminate/validation/Validator.php(359): Illuminate\Validation\Validator->validateUnique('email', 'jerem@jerem.jer...', Array, Object(Illuminate\Validation\Validator))
#9 /var/www/html/authors/vendor/illuminate/validation/Validator.php(268): Illuminate\Validation\Validator->validateAttribute('email', 'Unique')
#10 /var/www/html/authors/vendor/illuminate/validation/Validator.php(293): Illuminate\Validation\Validator->passes()
#11 /var/www/html/authors/vendor/laravel/lumen-framework/src/Routing/ProvidesConvenienceMethods.php(63): Illuminate\Validation\Validator->fails()
#12 /var/www/html/authors/app/Http/Controllers/AuthorController.php(21): Laravel\Lumen\Routing\Controller->validate(Object(Illuminate\Http\Request), Array)
#13 [internal function]: App\Http\Controllers\AuthorController->create(Object(Illuminate\Http\Request))
#14 /var/www/html/authors/vendor/illuminate/container/BoundMethod.php(29): call_user_func_array(Array, Array)
#15 /var/www/html/authors/vendor/illuminate/container/BoundMethod.php(87): Illuminate\Container\BoundMethod::Illuminate\Container\{closure}()
#16 /var/www/html/authors/vendor/illuminate/container/BoundMethod.php(31): Illuminate\Container\BoundMethod::callBoundMethod(Object(Laravel\Lumen\Application), Array, Object(Closure))
#17 /var/www/html/authors/vendor/illuminate/container/Container.php(564): Illuminate\Container\BoundMethod::call(Object(Laravel\Lumen\Application), Array, Array, NULL)
#18 /var/www/html/authors/vendor/laravel/lumen-framework/src/Concerns/RoutesRequests.php(373): Illuminate\Container\Container->call(Array, Array)
#19 /var/www/html/authors/vendor/laravel/lumen-framework/src/Concerns/RoutesRequests.php(339): Laravel\Lumen\Application->callControllerCallable(Array, Array)
#20 /var/www/html/authors/vendor/laravel/lumen-framework/src/Concerns/RoutesRequests.php(313): Laravel\Lumen\Application->callLumenController(Object(App\Http\Controllers\AuthorController), 'create', Array)
#21 /var/www/html/authors/vendor/laravel/lumen-framework/src/Concerns/RoutesRequests.php(275): Laravel\Lumen\Application->callControllerAction(Array)
#22 /var/www/html/authors/vendor/laravel/lumen-framework/src/Concerns/RoutesRequests.php(260): Laravel\Lumen\Application->callActionOnArrayBasedRoute(Array)
#23 /var/www/html/authors/vendor/laravel/lumen-framework/src/Concerns/RoutesRequests.php(160): Laravel\Lumen\Application->handleFoundRoute(Array)
#24 /var/www/html/authors/vendor/laravel/lumen-framework/src/Concerns/RoutesRequests.php(413): Laravel\Lumen\Application->Laravel\Lumen\Concerns\{closure}()
#25 /var/www/html/authors/vendor/laravel/lumen-framework/src/Concerns/RoutesRequests.php(166): Laravel\Lumen\Application->sendThroughPipeline(Array, Object(Closure))
#26 /var/www/html/authors/vendor/laravel/lumen-framework/src/Concerns/RoutesRequests.php(107): Laravel\Lumen\Application->dispatch(NULL)
#27 /var/www/html/authors/public/index.php(28): Laravel\Lumen\Application->run()
#28 {main} {"exception":"[object] (Illuminate\\Database\\QueryException(code: 42S02): SQLSTATE[42S02]: Base table or view not found: 1146 Table 'my_db.users' doesn't exist (SQL: select count(*) as aggregate from `users` where `email` = jerem@jerem.jerem) at /var/www/html/authors/vendor/illuminate/database/Connection.php:664, PDOException(code: 42S02): SQLSTATE[42S02]: Base table or view not found: 1146 Table 'my_db.users' doesn't exist at /var/www/html/authors/vendor/illuminate/database/Connection.php:326)
[stacktrace]
#0 /var/www/html/authors/vendor/illuminate/database/Connection.php(624): Illuminate\\Database\\Connection->runQueryCallback('select count(*)...', Array, Object(Closure))
#1 /var/www/html/authors/vendor/illuminate/database/Connection.php(333): Illuminate\\Database\\Connection->run('select count(*)...', Array, Object(Closure))
#2 /var/www/html/authors/vendor/illuminate/database/Query/Builder.php(1760): Illuminate\\Database\\Connection->select('select count(*)...', Array, false)
#3 /var/www/html/authors/vendor/illuminate/database/Query/Builder.php(1745): Illuminate\\Database\\Query\\Builder->runSelect()
#4 /var/www/html/authors/vendor/illuminate/database/Query/Builder.php(2092): Illuminate\\Database\\Query\\Builder->get(Array)
#5 /var/www/html/authors/vendor/illuminate/database/Query/Builder.php(2020): Illuminate\\Database\\Query\\Builder->aggregate('count', Array)
#6 /var/www/html/authors/vendor/illuminate/validation/DatabasePresenceVerifier.php(55): Illuminate\\Database\\Query\\Builder->count()
#7 /var/www/html/authors/vendor/illuminate/validation/Concerns/ValidatesAttributes.php(687): Illuminate\\Validation\\DatabasePresenceVerifier->getCount('users', 'email', 'jerem@jerem.jer...', NULL, NULL, Array)
#8 /var/www/html/authors/vendor/illuminate/validation/Validator.php(359): Illuminate\\Validation\\Validator->validateUnique('email', 'jerem@jerem.jer...', Array, Object(Illuminate\\Validation\\Validator))
#9 /var/www/html/authors/vendor/illuminate/validation/Validator.php(268): Illuminate\\Validation\\Validator->validateAttribute('email', 'Unique')
#10 /var/www/html/authors/vendor/illuminate/validation/Validator.php(293): Illuminate\\Validation\\Validator->passes()
#11 /var/www/html/authors/vendor/laravel/lumen-framework/src/Routing/ProvidesConvenienceMethods.php(63): Illuminate\\Validation\\Validator->fails()
#12 /var/www/html/authors/app/Http/Controllers/AuthorController.php(21): Laravel\\Lumen\\Routing\\Controller->validate(Object(Illuminate\\Http\\Request), Array)
#13 [internal function]: App\\Http\\Controllers\\AuthorController->create(Object(Illuminate\\Http\\Request))
#14 /var/www/html/authors/vendor/illuminate/container/BoundMethod.php(29): call_user_func_array(Array, Array)
#15 /var/www/html/authors/vendor/illuminate/container/BoundMethod.php(87): Illuminate\\Container\\BoundMethod::Illuminate\\Container\\{closure}()
#16 /var/www/html/authors/vendor/illuminate/container/BoundMethod.php(31): Illuminate\\Container\\BoundMethod::callBoundMethod(Object(Laravel\\Lumen\\Application), Array, Object(Closure))
#17 /var/www/html/authors/vendor/illuminate/container/Container.php(564): Illuminate\\Container\\BoundMethod::call(Object(Laravel\\Lumen\\Application), Array, Array, NULL)
#18 /var/www/html/authors/vendor/laravel/lumen-framework/src/Concerns/RoutesRequests.php(373): Illuminate\\Container\\Container->call(Array, Array)
#19 /var/www/html/authors/vendor/laravel/lumen-framework/src/Concerns/RoutesRequests.php(339): Laravel\\Lumen\\Application->callControllerCallable(Array, Array)
#20 /var/www/html/authors/vendor/laravel/lumen-framework/src/Concerns/RoutesRequests.php(313): Laravel\\Lumen\\Application->callLumenController(Object(App\\Http\\Controllers\\AuthorController), 'create', Array)
#21 /var/www/html/authors/vendor/laravel/lumen-framework/src/Concerns/RoutesRequests.php(275): Laravel\\Lumen\\Application->callControllerAction(Array)
#22 /var/www/html/authors/vendor/laravel/lumen-framework/src/Concerns/RoutesRequests.php(260): Laravel\\Lumen\\Application->callActionOnArrayBasedRoute(Array)
#23 /var/www/html/authors/vendor/laravel/lumen-framework/src/Concerns/RoutesRequests.php(160): Laravel\\Lumen\\Application->handleFoundRoute(Array)
#24 /var/www/html/authors/vendor/laravel/lumen-framework/src/Concerns/RoutesRequests.php(413): Laravel\\Lumen\\Application->Laravel\\Lumen\\Concerns\\{closure}()
#25 /var/www/html/authors/vendor/laravel/lumen-framework/src/Concerns/RoutesRequests.php(166): Laravel\\Lumen\\Application->sendThroughPipeline(Array, Object(Closure))
#26 /var/www/html/authors/vendor/laravel/lumen-framework/src/Concerns/RoutesRequests.php(107): Laravel\\Lumen\\Application->dispatch(NULL)
#27 /var/www/html/authors/public/index.php(28): Laravel\\Lumen\\Application->run()
#28 {main}
"} 
[2018-02-27 16:02:12] production.ERROR: PDOException: SQLSTATE[42S02]: Base table or view not found: 1146 Table 'my_db.users' doesn't exist in /var/www/html/authors/vendor/illuminate/database/Connection.php:326
Stack trace:
#0 /var/www/html/authors/vendor/illuminate/database/Connection.php(326): PDO->prepare('select count(*)...')
#1 /var/www/html/authors/vendor/illuminate/database/Connection.php(657): Illuminate\Database\Connection->Illuminate\Database\{closure}('select count(*)...', Array)
#2 /var/www/html/authors/vendor/illuminate/database/Connection.php(624): Illuminate\Database\Connection->runQueryCallback('select count(*)...', Array, Object(Closure))
#3 /var/www/html/authors/vendor/illuminate/database/Connection.php(333): Illuminate\Database\Connection->run('select count(*)...', Array, Object(Closure))
#4 /var/www/html/authors/vendor/illuminate/database/Query/Builder.php(1760): Illuminate\Database\Connection->select('select count(*)...', Array, false)
#5 /var/www/html/authors/vendor/illuminate/database/Query/Builder.php(1745): Illuminate\Database\Query\Builder->runSelect()
#6 /var/www/html/authors/vendor/illuminate/database/Query/Builder.php(2092): Illuminate\Database\Query\Builder->get(Array)
#7 /var/www/html/authors/vendor/illuminate/database/Query/Builder.php(2020): Illuminate\Database\Query\Builder->aggregate('count', Array)
#8 /var/www/html/authors/vendor/illuminate/validation/DatabasePresenceVerifier.php(55): Illuminate\Database\Query\Builder->count()
#9 /var/www/html/authors/vendor/illuminate/validation/Concerns/ValidatesAttributes.php(687): Illuminate\Validation\DatabasePresenceVerifier->getCount('users', 'email', 'jerem@jerem.fr', NULL, NULL, Array)
#10 /var/www/html/authors/vendor/illuminate/validation/Validator.php(359): Illuminate\Validation\Validator->validateUnique('email', 'jerem@jerem.fr', Array, Object(Illuminate\Validation\Validator))
#11 /var/www/html/authors/vendor/illuminate/validation/Validator.php(268): Illuminate\Validation\Validator->validateAttribute('email', 'Unique')
#12 /var/www/html/authors/vendor/illuminate/validation/Validator.php(293): Illuminate\Validation\Validator->passes()
#13 /var/www/html/authors/vendor/laravel/lumen-framework/src/Routing/ProvidesConvenienceMethods.php(63): Illuminate\Validation\Validator->fails()
#14 /var/www/html/authors/app/Http/Controllers/AuthorController.php(21): Laravel\Lumen\Routing\Controller->validate(Object(Illuminate\Http\Request), Array)
#15 [internal function]: App\Http\Controllers\AuthorController->create(Object(Illuminate\Http\Request))
#16 /var/www/html/authors/vendor/illuminate/container/BoundMethod.php(29): call_user_func_array(Array, Array)
#17 /var/www/html/authors/vendor/illuminate/container/BoundMethod.php(87): Illuminate\Container\BoundMethod::Illuminate\Container\{closure}()
#18 /var/www/html/authors/vendor/illuminate/container/BoundMethod.php(31): Illuminate\Container\BoundMethod::callBoundMethod(Object(Laravel\Lumen\Application), Array, Object(Closure))
#19 /var/www/html/authors/vendor/illuminate/container/Container.php(564): Illuminate\Container\BoundMethod::call(Object(Laravel\Lumen\Application), Array, Array, NULL)
#20 /var/www/html/authors/vendor/laravel/lumen-framework/src/Concerns/RoutesRequests.php(373): Illuminate\Container\Container->call(Array, Array)
#21 /var/www/html/authors/vendor/laravel/lumen-framework/src/Concerns/RoutesRequests.php(339): Laravel\Lumen\Application->callControllerCallable(Array, Array)
#22 /var/www/html/authors/vendor/laravel/lumen-framework/src/Concerns/RoutesRequests.php(313): Laravel\Lumen\Application->callLumenController(Object(App\Http\Controllers\AuthorController), 'create', Array)
#23 /var/www/html/authors/vendor/laravel/lumen-framework/src/Concerns/RoutesRequests.php(275): Laravel\Lumen\Application->callControllerAction(Array)
#24 /var/www/html/authors/vendor/laravel/lumen-framework/src/Concerns/RoutesRequests.php(260): Laravel\Lumen\Application->callActionOnArrayBasedRoute(Array)
#25 /var/www/html/authors/vendor/laravel/lumen-framework/src/Concerns/RoutesRequests.php(160): Laravel\Lumen\Application->handleFoundRoute(Array)
#26 /var/www/html/authors/vendor/laravel/lumen-framework/src/Concerns/RoutesRequests.php(413): Laravel\Lumen\Application->Laravel\Lumen\Concerns\{closure}()
#27 /var/www/html/authors/vendor/laravel/lumen-framework/src/Concerns/RoutesRequests.php(166): Laravel\Lumen\Application->sendThroughPipeline(Array, Object(Closure))
#28 /var/www/html/authors/vendor/laravel/lumen-framework/src/Concerns/RoutesRequests.php(107): Laravel\Lumen\Application->dispatch(NULL)
#29 /var/www/html/authors/public/index.php(28): Laravel\Lumen\Application->run()
#30 {main}

Next Illuminate\Database\QueryException: SQLSTATE[42S02]: Base table or view not found: 1146 Table 'my_db.users' doesn't exist (SQL: select count(*) as aggregate from `users` where `email` = jerem@jerem.fr) in /var/www/html/authors/vendor/illuminate/database/Connection.php:664
Stack trace:
#0 /var/www/html/authors/vendor/illuminate/database/Connection.php(624): Illuminate\Database\Connection->runQueryCallback('select count(*)...', Array, Object(Closure))
#1 /var/www/html/authors/vendor/illuminate/database/Connection.php(333): Illuminate\Database\Connection->run('select count(*)...', Array, Object(Closure))
#2 /var/www/html/authors/vendor/illuminate/database/Query/Builder.php(1760): Illuminate\Database\Connection->select('select count(*)...', Array, false)
#3 /var/www/html/authors/vendor/illuminate/database/Query/Builder.php(1745): Illuminate\Database\Query\Builder->runSelect()
#4 /var/www/html/authors/vendor/illuminate/database/Query/Builder.php(2092): Illuminate\Database\Query\Builder->get(Array)
#5 /var/www/html/authors/vendor/illuminate/database/Query/Builder.php(2020): Illuminate\Database\Query\Builder->aggregate('count', Array)
#6 /var/www/html/authors/vendor/illuminate/validation/DatabasePresenceVerifier.php(55): Illuminate\Database\Query\Builder->count()
#7 /var/www/html/authors/vendor/illuminate/validation/Concerns/ValidatesAttributes.php(687): Illuminate\Validation\DatabasePresenceVerifier->getCount('users', 'email', 'jerem@jerem.fr', NULL, NULL, Array)
#8 /var/www/html/authors/vendor/illuminate/validation/Validator.php(359): Illuminate\Validation\Validator->validateUnique('email', 'jerem@jerem.fr', Array, Object(Illuminate\Validation\Validator))
#9 /var/www/html/authors/vendor/illuminate/validation/Validator.php(268): Illuminate\Validation\Validator->validateAttribute('email', 'Unique')
#10 /var/www/html/authors/vendor/illuminate/validation/Validator.php(293): Illuminate\Validation\Validator->passes()
#11 /var/www/html/authors/vendor/laravel/lumen-framework/src/Routing/ProvidesConvenienceMethods.php(63): Illuminate\Validation\Validator->fails()
#12 /var/www/html/authors/app/Http/Controllers/AuthorController.php(21): Laravel\Lumen\Routing\Controller->validate(Object(Illuminate\Http\Request), Array)
#13 [internal function]: App\Http\Controllers\AuthorController->create(Object(Illuminate\Http\Request))
#14 /var/www/html/authors/vendor/illuminate/container/BoundMethod.php(29): call_user_func_array(Array, Array)
#15 /var/www/html/authors/vendor/illuminate/container/BoundMethod.php(87): Illuminate\Container\BoundMethod::Illuminate\Container\{closure}()
#16 /var/www/html/authors/vendor/illuminate/container/BoundMethod.php(31): Illuminate\Container\BoundMethod::callBoundMethod(Object(Laravel\Lumen\Application), Array, Object(Closure))
#17 /var/www/html/authors/vendor/illuminate/container/Container.php(564): Illuminate\Container\BoundMethod::call(Object(Laravel\Lumen\Application), Array, Array, NULL)
#18 /var/www/html/authors/vendor/laravel/lumen-framework/src/Concerns/RoutesRequests.php(373): Illuminate\Container\Container->call(Array, Array)
#19 /var/www/html/authors/vendor/laravel/lumen-framework/src/Concerns/RoutesRequests.php(339): Laravel\Lumen\Application->callControllerCallable(Array, Array)
#20 /var/www/html/authors/vendor/laravel/lumen-framework/src/Concerns/RoutesRequests.php(313): Laravel\Lumen\Application->callLumenController(Object(App\Http\Controllers\AuthorController), 'create', Array)
#21 /var/www/html/authors/vendor/laravel/lumen-framework/src/Concerns/RoutesRequests.php(275): Laravel\Lumen\Application->callControllerAction(Array)
#22 /var/www/html/authors/vendor/laravel/lumen-framework/src/Concerns/RoutesRequests.php(260): Laravel\Lumen\Application->callActionOnArrayBasedRoute(Array)
#23 /var/www/html/authors/vendor/laravel/lumen-framework/src/Concerns/RoutesRequests.php(160): Laravel\Lumen\Application->handleFoundRoute(Array)
#24 /var/www/html/authors/vendor/laravel/lumen-framework/src/Concerns/RoutesRequests.php(413): Laravel\Lumen\Application->Laravel\Lumen\Concerns\{closure}()
#25 /var/www/html/authors/vendor/laravel/lumen-framework/src/Concerns/RoutesRequests.php(166): Laravel\Lumen\Application->sendThroughPipeline(Array, Object(Closure))
#26 /var/www/html/authors/vendor/laravel/lumen-framework/src/Concerns/RoutesRequests.php(107): Laravel\Lumen\Application->dispatch(NULL)
#27 /var/www/html/authors/public/index.php(28): Laravel\Lumen\Application->run()
#28 {main} {"exception":"[object] (Illuminate\\Database\\QueryException(code: 42S02): SQLSTATE[42S02]: Base table or view not found: 1146 Table 'my_db.users' doesn't exist (SQL: select count(*) as aggregate from `users` where `email` = jerem@jerem.fr) at /var/www/html/authors/vendor/illuminate/database/Connection.php:664, PDOException(code: 42S02): SQLSTATE[42S02]: Base table or view not found: 1146 Table 'my_db.users' doesn't exist at /var/www/html/authors/vendor/illuminate/database/Connection.php:326)
[stacktrace]
#0 /var/www/html/authors/vendor/illuminate/database/Connection.php(624): Illuminate\\Database\\Connection->runQueryCallback('select count(*)...', Array, Object(Closure))
#1 /var/www/html/authors/vendor/illuminate/database/Connection.php(333): Illuminate\\Database\\Connection->run('select count(*)...', Array, Object(Closure))
#2 /var/www/html/authors/vendor/illuminate/database/Query/Builder.php(1760): Illuminate\\Database\\Connection->select('select count(*)...', Array, false)
#3 /var/www/html/authors/vendor/illuminate/database/Query/Builder.php(1745): Illuminate\\Database\\Query\\Builder->runSelect()
#4 /var/www/html/authors/vendor/illuminate/database/Query/Builder.php(2092): Illuminate\\Database\\Query\\Builder->get(Array)
#5 /var/www/html/authors/vendor/illuminate/database/Query/Builder.php(2020): Illuminate\\Database\\Query\\Builder->aggregate('count', Array)
#6 /var/www/html/authors/vendor/illuminate/validation/DatabasePresenceVerifier.php(55): Illuminate\\Database\\Query\\Builder->count()
#7 /var/www/html/authors/vendor/illuminate/validation/Concerns/ValidatesAttributes.php(687): Illuminate\\Validation\\DatabasePresenceVerifier->getCount('users', 'email', 'jerem@jerem.fr', NULL, NULL, Array)
#8 /var/www/html/authors/vendor/illuminate/validation/Validator.php(359): Illuminate\\Validation\\Validator->validateUnique('email', 'jerem@jerem.fr', Array, Object(Illuminate\\Validation\\Validator))
#9 /var/www/html/authors/vendor/illuminate/validation/Validator.php(268): Illuminate\\Validation\\Validator->validateAttribute('email', 'Unique')
#10 /var/www/html/authors/vendor/illuminate/validation/Validator.php(293): Illuminate\\Validation\\Validator->passes()
#11 /var/www/html/authors/vendor/laravel/lumen-framework/src/Routing/ProvidesConvenienceMethods.php(63): Illuminate\\Validation\\Validator->fails()
#12 /var/www/html/authors/app/Http/Controllers/AuthorController.php(21): Laravel\\Lumen\\Routing\\Controller->validate(Object(Illuminate\\Http\\Request), Array)
#13 [internal function]: App\\Http\\Controllers\\AuthorController->create(Object(Illuminate\\Http\\Request))
#14 /var/www/html/authors/vendor/illuminate/container/BoundMethod.php(29): call_user_func_array(Array, Array)
#15 /var/www/html/authors/vendor/illuminate/container/BoundMethod.php(87): Illuminate\\Container\\BoundMethod::Illuminate\\Container\\{closure}()
#16 /var/www/html/authors/vendor/illuminate/container/BoundMethod.php(31): Illuminate\\Container\\BoundMethod::callBoundMethod(Object(Laravel\\Lumen\\Application), Array, Object(Closure))
#17 /var/www/html/authors/vendor/illuminate/container/Container.php(564): Illuminate\\Container\\BoundMethod::call(Object(Laravel\\Lumen\\Application), Array, Array, NULL)
#18 /var/www/html/authors/vendor/laravel/lumen-framework/src/Concerns/RoutesRequests.php(373): Illuminate\\Container\\Container->call(Array, Array)
#19 /var/www/html/authors/vendor/laravel/lumen-framework/src/Concerns/RoutesRequests.php(339): Laravel\\Lumen\\Application->callControllerCallable(Array, Array)
#20 /var/www/html/authors/vendor/laravel/lumen-framework/src/Concerns/RoutesRequests.php(313): Laravel\\Lumen\\Application->callLumenController(Object(App\\Http\\Controllers\\AuthorController), 'create', Array)
#21 /var/www/html/authors/vendor/laravel/lumen-framework/src/Concerns/RoutesRequests.php(275): Laravel\\Lumen\\Application->callControllerAction(Array)
#22 /var/www/html/authors/vendor/laravel/lumen-framework/src/Concerns/RoutesRequests.php(260): Laravel\\Lumen\\Application->callActionOnArrayBasedRoute(Array)
#23 /var/www/html/authors/vendor/laravel/lumen-framework/src/Concerns/RoutesRequests.php(160): Laravel\\Lumen\\Application->handleFoundRoute(Array)
#24 /var/www/html/authors/vendor/laravel/lumen-framework/src/Concerns/RoutesRequests.php(413): Laravel\\Lumen\\Application->Laravel\\Lumen\\Concerns\\{closure}()
#25 /var/www/html/authors/vendor/laravel/lumen-framework/src/Concerns/RoutesRequests.php(166): Laravel\\Lumen\\Application->sendThroughPipeline(Array, Object(Closure))
#26 /var/www/html/authors/vendor/laravel/lumen-framework/src/Concerns/RoutesRequests.php(107): Laravel\\Lumen\\Application->dispatch(NULL)
#27 /var/www/html/authors/public/index.php(28): Laravel\\Lumen\\Application->run()
#28 {main}
"} 
