[  0.00000Inializig rop subss us
[   0.000] Initializing cgroup subsys cpu
[    0.000000] Initializing cgroup subsys cpuacct
[    0.000000] Linux version 4.4.0-116-generic (buildd@lgw01-amd64-021) (gcc version 5.4.0 20160609 (Ubuntu 5.4.0-6ubuntu1~16.04.9) ) #140-Ubuntu SMP Mon Feb 12 21:23:04 UTC 2018 (Ubuntu 4.4.0-116.140-generic 4.4.98)
[    0.000000] Command line: BOOT_IMAGE=/boot/vmlinuz-4.4.0-116-generic root=LABEL=cloudimg-rootfs ro console=tty1 console=ttyS0
[    0.000000] KERNEL supported cpus:
[    0.000000]   Intel GenuineIntel
[    0.000000]   AMD AuthenticAMD
[    0.000000]   Centaur CentaurHauls
[    0.000000] x86/fpu: xstate_offset[2]:  576, xstate_sizes[2]:  256
[    0.000000] x86/fpu: Supporting XSAVE feature 0x01: 'x87 floating point registers'
[    0.000000] x86/fpu: Supptig XSAV ftue 0x02 'E egistes'[    00000x86/fp: pprting SA fturex0 'AVX egte'
[  000000] x86/fpu: Enabled xstate features 0x7, context size is 832 bytes, using 'standard' format.
[    0.000000] x86/fpu: Using 'lazy' FPU context switches.
[    0.000000] e820: BIOS-provided physical RAM map:
[    0.000000] BIOS-e820: [mem 0x0000000000000000-0x000000000009fbff] usable
[    0.000000] BIOS-e820: [mem 0x000000009f00-000000009fff] reserved
[    0.000000] BIOS-e820: [mem 0x00000000000f0000-0x00000000000fffff] reserved
[    0.000000] BIOS-e820: [mem 0x0000000000100000-0x000000003ffeffff] usable
[    0.000000] BIOS-e820: [mem 0x000000003fff0000-0x000000003fffffff] ACPI data
[    0.000000] BIOS-e820: [mem 0x00000000fec00000-0x00000000fec00fff] reserved
[    0.000000] BIOS-e820: [mem 0x00000000fee00000-0x00000000fee00fff] reserved
[    0.000000] BIOS-e820: [mem 0x00000000fffc0000-0x00000000ffffffff] reserved
[    0.000000] NX (Execute Disable) protection: active
[    0.000000] SMBIOS 2.5 present.
[    0.000000] Hypervisor detected: KVM
[    0.000000] e820: last_pfn = 0x3fff0 max_arch_pfn = 0x400000000
[    0.000000] MTRR: Disabled
[    0.000000] x86/PAT: MTRRs disabled, skipping PAT initialization too.
[    0.000000] CPU MTRRs all blank - virtualized system.
[    0.000000] x86/PAT: Configuration [0-7]: WB  WT  UC- UC  WB  WT  UC- UC  
[    0.000000] found SMP MP-table at [mem 0x0009fff0-0x0009ffff] mapped at [ffff88000009fff0]
[    0.000000] Scanning 1 areas for low memory corruption
[    0.000000] RAMDISK: [mem 0x36ac0000-0x37557fff]
[    0.000000] ACPI: Early table checksum verification disabled
[    0.000000] ACPI: RSDP 0x00000000000E0000 000024 (v02 VBOX  )
[    0.000000] ACPI: XSDT 0x000000003FFF0030 00003C (v01 VBOX   VBOXXSDT 00000001 ASL  00000061)
[    0.000000] ACPI: FACP 0x000000003FFF00F0 0000F4 (v04 VBOX   VBOXFACP 00000001 ASL  00000061)
[    0.000000] ACPI: DSDT 0x000000003FFF0470 0021FF (v02 VBOX   VBOXBIOS 00000002 INTL 20160108)
[    0.000000] ACPI: FACS 0x000000003FFF0200 000040
[    0.000000] ACPI: FACS 0x000000003FFF0200 000040
[    0.000000] ACPI: APIC 0x000000003FFF0240 00005C (v02 VBOX   VBOXAPIC 00000001 ASL  00000061)
[    0.000000] ACPI: SSDT 0x000000003FFF02A0 0001CC (v01 VBOX   VBOXCPUT 00000002 INTL 20160108)
[    0.000000] No NUMA configuration found
[    0.000000] Faking a node at [mem 0x0000000000000000-0x000000003ffeffff]
[    0.000000] NODE_DATA(0) allocated [mem 0x3ffeb000-0x3ffeffff]
[    0.000000] kvm-clock: Using msrs 4b564d01 and 4b564d00
[    0.000000] kvm-clock: cpu 0, msr 0:3ffe3001, primary cpu clock
[    0.000000 kvm-clock: using sched offset of 2948834205 cycles
[    0.000000] clocksource: kvm-clock: mask: 0xffffffffffffffff max_cycles: 0x1cd42e4dffb, max_idle_ns: 881590591483 ns
[    0.000000] Zone ranges:
[    0.000000]   DMA      [mem 0x0000000000001000-0x0000000000ffffff]
[    0.000000]   DMA32    [mem 0x0000000001000000-0x000000003ffeffff]
[    0.000000]   Normal   empty
[    0.000000]   Device   empty
[    0.000000] Movable zone start for each node
[    0.000000] Early memory node ranges
[    0.000000]   node   0: [mem 0x0000000000001000-0x000000000009efff]
[    0.000000]   node   0: [mem 0x0000000000100000-0x000000003ffeffff]
[    0.000000 Inime setupnoe 0 emx0000000010-0x000003fefff][   0.00] CPI: P-Tmer IOPot: 0x408[   0.0000 IAPIC[0: icid   vsi 32,ades0xfe000,GSI 0-3    0000 ACPI:INSR_OVR(b 0us_irq0 obl_ir 2 fldfl)
    0.000]ACPI I_S_OVR (us bs_ir 9lol_irq  l lvel)
[   00000] Ung ACPI (MADT) for SMP configatio iortion
  0.0000] pbt: Allwi 2CPUs 0otug CPU
[  0.000]M: Regstednosae mo: [mem 000000-0x0000f]
[    0000]PM: Reisre nosav mor: [mem0x0900-0x009ff
[   0000] PM Risered nsa mmory: [mem 0x000a0000-0x000ff
[   0.000]PM: Reisre nosav mor [mem x0f000-000ff]
[   0.000] e82: emx400000xebffff] aiable forPCdeices
  0.0000] oongparavituiz kerne oKV
[   0000] ocourc rind-jiffesmak: 0xffffffff max_cycles: 0xffffffff, max_idle_ns: 7645519600211568 ns
[    0.000000] setup_percpu: NR_CPUS:512 nr_cpumask_bits:512 nr_cpu_ids:2 nr_node_ids:1
[    0.000000] PERCPU: Embedded 34 pages/cpu @ffff88003fc00000 s99544 r8192 d31528 u1048576
[    0.000000] PV qspinlock hash table entries: 256 (order: 0, 4096 bytes)
  0.0000] il 1 zonelitsn ode orermoility roin on.  ot pges:573
[   00000] li zne: MA32
[    000000] Kernel command line: BOOT_IMAGE=/boot/vmlinuz-4.4.0-116-generic root=LABEL=cloudimg-rootfs ro console=tty1 console=ttyS0
[    0.000000] PID hash table entries: 4096 (order: 3, 32768 bytes)
[    0.000000] Memory: 1001684K/1048120K available (8530K kernel code, 1309K rwdata, 3992K rodata, 1508K init, 1316K bss, 46436K reserved, 0K cma-reserved)
[    0.000000] SLUB: HWalign=64, Order=0-3, MinObjects=0, CPUs=2, Nodes=1
[    0.000000] Kernel/User page tables isolation: enabled
[    0.000000] Hierarchical RCU implementation.
[    0.000000] 	Build-time adjustment of leaf fanout to 64..
[    0.000000] 	RCU restricting CPUs from NR_CPUS=512 to nr_cpu_ids=2.
[    0.000000] RCU: Adjusting geometry for rcu_fanout_leaf=64, nr_cpu_ids=2
[    0.000000] NR_IRQS:33024 nr_irqs:440 16
[    0.000000] Console: colour VGA+ 80x25
[    0.000000] console [tty1] enabled
[    0.000000] console [ttyS0] enabled
[    0.000000] tsc: Detected 2207.982 MHz processor
[    5.083916] Calibrating delay loop (skipped) preset value.. 4415.96 BogoMIPS (lpj=8831928)
[    5.085035] pid_max: default: 32768 minimum: 301
[    5.085636] ACPI: Core revision 20150930
[    5.086960] ACPI: 2 ACPI AML tables successfully acquired and loaded
[    5.087847] Security Framework initialized
[    5.088400] Yama: becoming mindful.
[    5.088909] AppArmor: AppArmor initialized
[    5.089522] Dentry cache hash table entries: 131072 (order: 8, 1048576 bytes)
[    5.090807] Inode-cache hash table entries: 65536 (order: 7, 524288 bytes)
[    5.091696] Mount-cache hash table entries: 2048 (order: 2, 16384 bytes)
[    5.092478] Mountpoint-cache hash table entries: 2048 (order: 2, 16384 bytes)
[    5.093415] Initializing cgroup subsys io
[    5.093980] Initializing cgroup subsys memory
[    5.094573] Initializing cgroup subsys devices
[    5.095167] Initializing cgoup subsys freezer
[    5.106098] Initializing cgroup subsys net_cls
[    5.106688] Initializing cgroup subsys perf_event
[    5.107297] Initializing cgroup subsys net_prio
[    5.107903] Initializing cgroup subsys hugetlb
[    5.108486] Initializing cgroup subsys pids
[    5.109113] CPU: Physical Processor ID: 0
[    5.109659] CPU: Processor Core ID: 0
[    5.110181] FEATURE SPEC_CTRL Not Present
[    5.112310] mce: CPU supports 0 MCE banks
[    5.112870] Last level iTLB entries: 4KB 64, 2MB 8, 4MB 8
[    5.113536] Last level dTLB entries: 4KB 64, 2MB 0, 4MB 0, 1GB 4
[    5.114252] Spectre V2 mitigation: Mitigation: Full generic retpoline
[    5.115004]Spctre V2 mitigation: Speculation control IBPB not-supported IBRS not-supported
[    5.269602] Freeing SMP alternatives memory: 32K
[    5.371887] ftrace: allocating 32186 entries in 126 pages
[    5.521038] smpboot: APIC(0) Converting physical 0 to logical package 0
[    5.601930] smpboot: Max logical packages: 1
[    5.656761] x2apic enabled
[    5.657383] Switched APIC routing to physical x2apic.
[    5.658963] ..TIMER: vector=0x30 apic1=0 pin1=2 apic2=-1 pin2=-1
[    5.839502] smpboot: CPU0: Intel(R) Core(TM) i5-7260U CPU @ 2.20GHz (family: 0x6, model: 0x8e, stepping: 0x9)
[    6.038142] Performance Events: unsupported p6 CPU model 142 no PMU driver, software events only.
[    6.203820] KVM setup paravirtual spinlock
[    6.272272] x86: Booting SMP configuration:
[    6.343556] .... node  #0, CPUs:      #1
[    6.412573] kvm-clock: cpu 1, msr 0:3ffe3041, secondary cpu clock
[    6.414761] mce: CPU supports 0 MCE banks
[    6.417152] x86: Booted up 1 node, 2 CPUs
[    6.418904] smpboot: Total of 2 processors activated (8831.92 BogoMIPS)
[    6.420017] devtmpfs: initialized
[    6.421745] evm: security.selinux
[    6.422234] evm: security.SMACK64
[    6.422726] evm: security.SMACK64EXEC
[    6.423257] evm: security.SMACK64TRANSMUTE
[    6.423812] evm: security.SMACK64MMAP
[    6.424341] evm: security.ima
[    6.424799] evm: security.capability
[    6.425430] clocksource: jiffies: mask: 0xffffffff max_cycles: 0xffffffff, max_idle_ns: 7645041785100000 ns
[    6.426635] futex hash table entries: 512 (order: 3, 32768 bytes)
[    6.427466] pinctrl core: initialized pinctrl subsystem
[    6.428225] RTC time: 10:57:11, date: 03/14/18
[    6.428930] NET: Registered protocol family 16
[    6.439934] cpuidle: using governor ladder
[    6.503926] cpuidle: using governor menu
[    6.566006] PCCT header not found.
[    6.606947] ACPI: bus type PCI registered
[    6.626538] acpiphp: ACPI Hot Plug PCI Controller Driver version: 0.5
[    6.677004] PCI: Using configuration type 1 for base access
[    6.741114] ACPI: Added _OSI(Module Device)
[    6.7840011 ACPI: Added _OSI(Processor Device)
[    6.838698] ACPI: Added _OSI(3.0 _SCP Extensions)
[    6.896538] ACPI: Added _OSI(Processor Aggregator Device)
[    6.974663] ACPI: Executed 1 blocks of module-level executable AML code
[    7.085785] ACPI: Interpreter enabled
[    7.138563] ACPI: (supports S0 S5)
[    7.183720] ACPI: Using IOAPIC for interrupt routing
[    7.260435] PCI: Using host bridge windows from ACPI; if necessary, use "pci=nocrs" and report a bug
[    7.418371] ACPI: PCI Root Bridge [PCI0] (domain 0000 [bus 00-ff])
[    7.465332] acpi PNP0A03:00: _OSC: OS supports [ASPM ClockPM Segments MSI]
[    7.466150] acpi PNP0A03:00: _OSC: not requesting OS control; OS requires [ExtendedConfig ASPM ClockPM MSI]
[    7.469483] acpi PNP0A03:00: fail to add MMCONFIG information, can't access extended PCI configuration space under this bridge.
[    7.471022] PCI host bridge to bus 0000:00
[    7.471587] pci_bus 0000:00: root bus resource [io  0x0000-0x0cf7 window]
[    7.472373] pci_bus 0000:00: root bus resource [io  0x0d00-0xffff window]
[    7.473159] pci_bus 0000:00: root bus resource [mem 0x000a0000-0x000bffff window]
[    7.474163] pci_bus 0000:00: root bus resource [mem 0x40000000-0xfdffffff window]
[    7.475166] pci_bus 0000:00: root bus resource [bus 00-ff]
[    7.476874] pci 0000:00:01.1: legacy IDE quirk: reg 0x10: [io  0x01f0-0x01f7]
[    7.477694] pci 0000:00:01.1: legacy IDE quirk: reg 0x14: [io  0x03f6]
[    7.478457] pci 0000:00:01.1: legacy IDE quirk: reg 0x18: [io  0x0170-0x0177]
[    7.486747] pci 0000:00:01.1: legacy IDE quirk: reg 0x1c: [io  0x0376]
[    7.498854] pci 0000:00:07.0: quirk: [io  0x4000-0x403f] claimed by PIIX4 ACPI
[    7.606773] pci 0000:00:07.0: quirk: [io  0x4100-0x410f] claimed by PIIX4 SMB
[    7.668445] ACPI: PCI Interrupt Link [LNKA] (IRQs 5 9 10 *11)
[    7.681477] ACPI: PCI Interrupt Link [LNKB] (IRQs 5 9 *10 11)
[    7.682510] ACPI: PCI Interrupt Link [LNKC] (IRQs 5 *9 10 11)
[    7.683569] ACPI: PCI Interrupt Link [LNKD] (IRQs 5 9 10 *11)
[    7.684641] ACPI: Enabled 2 GPEs in block 00 to 07
[    7.685577] vgaarb: setting as boot device: PCI:0000:00:02.0
[    7.686263] vgaarb: device added: PCI:0000:00:02.0,decodes=io+mem,owns=io+mem,locks=none
[    7.687328] vgaarb: loaded
[    7.687769] vgaarb: bridge control possible 0000:00:02.0
[    7.688611] SCSI subsystem initialized
[    7.689234] ACPI: bus type USB registered
[    7.689805] usbcore: registered new interface driver usbfs
[    7.709998] usbcore: registered new interface driver hub
[    7.710753] usbcore: registered new device driver usb
[    7.729750] PCI: Using ACPI for IRQ routing
[    7.790710] NetLabel: Initializing
[    7.838361] NetLabel:  domain hash size = 128
[    7.902054] NetLabel:  protocols = UNLABELED CIPSOv4
[    7.976837] NetLabel:  unlabeled traffic allowed by default
[    8.052321] amd_nb: Cannot enumerate AMD northbridges
[    8.116602] clocksource: Switched to clocksource kvm-clock
[    8.221804] AppArmor: AppArmor Filesystm abd  8.19] p:nPAC it   8610]pnp: PnP ACPI: found 3 devices
[    9.151019] clocksource: acpi_pm: mask: 0xffffff max_cycles: 0xffffff, max_idle_ns: 2085701024 ns
[    9.152325] NET: Registered protocol family 2
[    9.153083] TCP established hash table entries: 8192 (order: 4, 65536 bytes)
[    9.265563] TCP bind hash table entries: 8192 (order: 5, 131072 bytes)
[    9.266331] TCP: Hash tables configured (established 8192 bind 8192)
[    9.267095] UDP hash table entries: 512 (order: 2, 16384 bytes)
[    9.267813] UDP-Lite hash table entries: 512 (order: 2, 16384 bytes)
[    9.268601] NET: Registered protocol family 1
[    9.269207] pci 0000:00:00.0: Limiting direct PCI/PCI transfers
[    9.269952] pci 0000:00:01.0: Activating ISA DMA hang workarounds
[    9.270806] Unpacking initramfs...
[   10.709656] Freeing initrd memory: 10848K
[   10.725767] platform rtc_cmos: registered platform RTC device (no PNP device found)
[   10.726820] Scanning for low memory corruption every 60 seconds
[   10.745890] audit: initializing netlink subsys (disabled)
[   10.746574] audit: type=2000 audit(1521025032.156:1): initialized
[   10.747528] Initialise system trusted keyring
[   10.748242] HugeTLB registered 2 MB page size, pre-allocated 0 pages
[   10.750113] zbud: loaded
[   10.750852] VFS: Disk quotas dquot_6.6.0
[   10.751431] VFS: Dquot-cache hash table entries: 512 (order 0, 4096 bytes)
[   10.754449] squashfs: version 4.0 (2009/01/31) Phillip Lougher
[   10.755383] fuse init (API version 7.23)
[   10.756027] Key type big_key registered
[   10.756583] Allocating IMA MOK and blacklist keyrings.
[   10.757898] Key type asymmetric registered
[   10.758459] Asymmetric key parser 'x509' registered
[   10.759126] Block layer SCSI generic (bsg) driver version 0.4 loaded (major 249)
[   10.760171] io scheduler noop registered
[   10.760719] io scheduler deadline registered (default)
[   10.761412] io scheduler cfq registered
[   107762028] pci_hotplug: PCI Hot Plug PCI Core version: 0.5
[   10.804391] pciehp: PCI Express Hot Plug Controller Driver version: 0.4
[   10.805479] ACPI: AC Adapter [AC] (on-line)
[   10.806142] input: Power Button as /devices/LNXSYSTM:00/LNXPWRBN:00/input/input0
[   10.807238] ACPI: Power Button [PWRF]
[   10.807845] input: Sleep Button as /devices/LNXSYSTM:00/LNXSLPBN:00/input/input1
[   10.808935] ACPI: Sleep Button [SLPF]
[   10.809722] GHES: HEST is not enabled!
[   10.810382] Serial: 8250/16550 driver, 32 ports, IRQ sharing enabled
[   10.832480] 00:02: ttyS0 at I/O 0x3f8 (irq = 4, bss__baud = 115200) is a 16550A
[   11.156705] Linux agpgart interface v0.103
[   11.206854] loop: module loaded
[   11.207813] scsi host0: ata_piix
[   11.208413] scsi host1: ata_piix
[   11.208950] ata1: PATA max UDMA/33 cmd 0x1f0 ctl 0x3f6 bmdma 0xd000 irq 14
[   11.209744] ata2: PATA max UDMA/33 cmd 0x170 ctl 0x376 bmdma 0xd008 irq 15
[   11.210626] libphy: Fixed MDIO Bus: probed
[   11.211239] tun: Universal TUN/TAP device driver, 1.6
[   11.212431] tun: (C) 1999-2004 Max Krasnyansky <maxk@qualcomm.com>
[   11.214065] PPP generic driver version 2.4.2
[   11.215178] ehci_hcd: USB 2.0 'Enhanced' Host Controller (EHCI) Driver
[   11.215968] ehci-pci: EHCI PCI platform driver
[   11.216565] ehci-platform: EHCI generic platform driver
[   11.217243] ohci_hcd: USB 1.1 'Open' Host Controller (OHCI) Driver
[   11.217982] ohci-pci: OHCI PCI platform driver
[   11.218572] ohci-platform: OHCI generic platform driver
[   11.222369] uhci_hcd: USB Universal Host Controller Interface driver
[   11.223175] i8042: PNP: PS/2 Controller [PNP0303:PS2K,PNP0f03:PS2M] at 0x60,0x64 irq 1,12
[   11.224673] serio: i8042 KBD port at 0x60,0x64 irq 1
[   11.225311] serio: i8042 AUX port at 0x60,0x64 irq 12
[   11.226032] mousedev: PS/2 mouse device common for all mice
[   11.227133] input: AT Translated Set 2 keyboard as /devices/platform/i8042/serio0/input/input2
[   11.228285] rtc_cmos rtc_cmos: rtc core: registered rtc_cmos as rtc0
[   11.229183] rtc_cmos rtc_cmos: alarms up to one day, 114 bytes nvram
[   11.229939] i2c /dev entries driver
[   11.230484] device-mapper: uevent: version 1.0.3
[   11.231144] device-mapper: ioctl: 4.34.0-ioctl (2015-10-28) initialised: dm-devel@redhat.com
[   11.232249] ledtrig-cpu: registered to indicate activity on CPUs
[   11.233303] NET: Registered protocol family 10
[   11.234061] NET: Registered protocol family 17
[   11.234661] Key type dns_resolver registered
[   11.235368] microcode: CPU0 sig=0x806e9, pf=0x2, revision=0x0
[   11.236165] microcode: CPU1 sig=0x806e9, pf=0x2, revision=0x0
[   11.236889] microcode: Microcode Update Driver: v2.01 <tigran@aivazian.fsnet.co.uk>, Peter Oruba
[   11.238143] registered taskstats version 1
[   11.238710] Loading compiled-in X.509 certificates
[   11.239804] Loaded X.509 cert 'Build time autogenerated kernel key: aa84f01984fbd529c105810b59e379d349698248'
[   11.241035] zswap: loaded using pool lzo/zbud
[   11.243278] Key type trusted registered
[   11.246625] Key type encrypted registered
[   11.247194] AppArmor: AppArmor sha1 policy hashing enabled
[   11.250187] ima: No TPM chip found, activating TPM-bypass!
[   11.250877] evm: HMAC attrs: 0x1
[   11.253518]   Magic number: 10:534:982
[   11.254116] rtc_cmos rtc_cmos: setting system clock to 2018-03-14 10:57:16 UTC (1521025036)
[   11.255308] BIOS EDD facility v0.16 2004-Jun-25, 0 devices found
[   11.258215] EDD information not available.
[   11.367408] Freeing unused kernel memory: 1508K
[   11.545404] Write protecting the kernel read-only data: 14336k
[   11.665982] Freeing unused kernel memory: 1700K
[   11.666761] Freeing unused kernel memory: 104K
Loading, please wait...
starting version[   11.681036] random: systemd-udevd: uninitialized urandom read (16 bytes read, 3 bits of entropy available)
 229
[   11.681678] random: udevadm: uninitialized urandom read (16 bytes read, 3 bits of entropy available)
[   11.681702] random: udevadm: uninitialized urandom read (16 bytes read, 3 bits of entropy available)
[   11.693970] random: udevadm: uninitialized urandom read (16 bytes read, 3 bits of entropy available)
[   11.694032] random: udevadm: uninitialized urandom read (16 bytes read, 3 bits of entropy available)
[   11.694238] random: udevadm: uninitialized urandom read (16 bytes read, 3 bits of entropy available)
[   11.694314] random: udevadm: uninitialized urandom read (16 bytes read, 3 bits of entropy available)
[   11.694392] random: udevadm: uninitialized urandom read (16 bytes read, 3 bits of entropy available)
[   11.694469] random: udevadm: uninitialized urandom read (16 bytes read, 3 bits of entropy available)
[   11.694543] random: udevadm: uninitialized urandom read (16 bytes read, 3 bits of entropy available)
[   11.735944] tsc: Refined TSC clocksource calibration: 2208.121 MHz
[   11.736676] clocksource: tsc: mask: 0xffffffffffffffff max_cycles: 0x1fd42a9db78, max_idle_ns: 440795272597 ns
[   11.762233] e1000: Intel(R) PRO/1000 Network Driver - version 7.3.21-k8-NAPI
[   11.776011] e1000: Copyright (c) 1999-2006 Intel Corporation.
[   11.786311] Fusion MPT base driver 3.04.20
[   11.842756] Copyright (c) 1999-2008 LSI Corporation
[   11.850804] Fusion MPT SPI Host driver 3.04.20
[   11.924355] AVX2 version of gcm_enc/dec engaged.
[   11.930406] AES CTR mode by8 optimization enabled
[   11.988765] input: ImExPS/2 Generic Explorer Mouse as /devices/platform/i8042/serio1/input/input4
[   12.219872] e1000 0000:00:03.0 eth0: (PCI:33MHz:32-bit) 02:24:89:81:87:2f
[   12.245600] e1000 0000:00:03.0 eth0: Intel(R) PRO/1000 Network Connection
[   12.572020] e1000 0000:00:08.0 eth1: (PCI:33MHz:32-bit) 08:00:27:6b:c2:43
[   12.595964] e1000 0000:00:08.0 eth1: Intel(R) PRO/1000 Network Connection
[   12.598199] e1000 0000:00:08.0 enp0s8: renamed from eth1
[   12.601505] mptbase: ioc0: Initiating bringup
[   12.612763] e1000 0000:00:03.0 enp0s3: renamed from eth0
[   12.755598] ioc0: LSI53C1030 A0: Capabilities={Initiator}
[   13.259460] scsi host2: ioc0: LSI53C1030 A0, FwRev=00000000h, Ports=1, MaxQ=256, IRQ=20
[   13.876630] scsi 2:0:0:0: Direct-Access     VBOX     HARDDISK         1.0  PQ: 0 ANSI: 5
[   14.066611] scsi target2:0:0: Beginning Domain Validation
[   14.067786] scsi target2:0:0: Domain Validation skipping write tests
[   14.068536] scsi target2:0:0: Ending Domain Validation
[   14.076814] scsi target2:0:0: asynchronous
[   14.130720] scsi 2:0:1:0: Direct-Access     VBOX     HARDDISK         1.0  PQ: 0 ANSI: 5
[   14.214317] scsi target2:0:1: Beginning Domain Validation
[   14.278942] scsi target2:0:1: Domain Validation skipping write tests
[   14.281363] scsi target2:0:1: Ending Domain Validation
[   14.282043] scsi target2:0:1: asynchronous
[   14.285479] sd 2:0:0:0: Attached scsi generic sg0 type 0
[   14.292680] sd 2:0:0:0: [sda] 20971520 512-byte logical blocks: (10.7 GB/10.0 GiB)
[   14.509438] sd 2:0:0:0: [sda] Write Protect is off
[   14.518808] sd 2:0:1:0: [sdb] 20480 512-byte logical blocks: (10.5 MB/10.0 MiB)
[   14.518820] sd 2:0:1:0: Attached scsi generic sg1 type 0
[   14.749084] sd 2:0:0:0: [sda] Incomplete mode parameter data
[   14.749286] sd 2:0:1:0: [sdb] Write Protect is off
[   14.749340] sd 2:0:1:0: [sdb] Incomplete mode parameter data
[   14.749341] sd 2:0:1:0: [sdb] Assuming drive cache: write through
[   14.758170] sd 2:0:0:0: [sda] Assuming drive cache: write through
[   14.760796]  sda: sda1
[   14.761468] sd 2:0:1:0: [sdb] Attached SCSI disk
[   14.778925] sd 2:0:0:0: [sda] Attached SCSI disk
[   14.925939] floppy0: no floppy controllers found
Begin: Loading e[   16.323516] md: linear personality registered for level -1
ssential drivers ... [   16.607848] md: multipath personality registered for level -4
[   16.616086] md: raid0 personality registered for level 0
[   16.633141] md: raid1 personality registered for level 1
[   16.708631] raid6: sse2x1   gen() 11601 MB/s
[   16.780663] raid6: sse2x1   xor()  8834 MB/s
[   16.852662] raid6: sse2x2   gen() 14603 MB/s
[   16.924662] raid6: sse2x2   xor() 10139 MB/s
[   16.996668] raid6: sse2x4   gen() 16449 MB/s
[   17.068626] raid6: sse2x4   xor() 11385 MB/s
[   17.140626] raid6: avx2x1   gen() 19646 MB/s
[   17.212654] raid6: avx2x2   gen() 26498 MB/s
[   17.280614] raid6: avx2x4   gen() 28717 MB/s
[   17.285224] raid6: using algorithm avx2x4 gen() 28717 MB/s
[   17.285970] raid6: using avx2x2 recovery algorithm
[   17.287515] xor: automatically using best checksumming function:
[   17.324659]    avx       : 24868.000 MB/sec
[   17.330287] async_tx: api initialized (async)
[   17.373375] md: raid6 personality registered for level 6
[   17.418154] md: raid5 personality registered for level 5
[   17.418819] md: raid4 personality registered for level 4
[   17.427573] md: raid10 personality registered for level 10
done.
Begin: Running /scripts/init-premount ... done.
Begin: Mounting root file system ... Begin: Running /scripts/local-top ... don[   17.460761] Btrfs loaded
e.
Begin: Running /scripts/local-premount ... Scanning for Btrfs filesystems
done.
Warning: fsck no[   17.497720] EXT4-fs (sda1): mounted filesystem with ordered data mode. Opts: (null)
t present, so skipping root file system
done.
Begin: Running /scripts/local-bottom ... done.
Begin: Running /scripts/init-bottom ... done.
[   17.665535] systemd[1]: systemd 229 running in system mode. (+PAM +AUDIT +SELINUX +IMA +APPARMOR +SMACK +SYSVINIT +UTMP +LIBCRYPTSETUP +GCRYPT +GNUTLS +ACL +XZ -LZ4 +SECCOMP +BLKID +ELFUTILS +KMOD -IDN)
[   17.679601] systemd[1]: Detected virtualization oracle.
[   17.681766] systemd[1]: Detected architecture x86-64.

Welcome to [1mUbuntu 16.04.4 LTS[0m!

[   17.713594] systemd[1]: Set hostname to <ubuntu>.
[   17.742591] systemd[1]: Initializing machine ID from random generator.
[   17.747149] systemd[1]: Installed transient /etc/machine-id file.
[   17.889184] systemd[1]: Reached target User and Group Name Lookups.
[[0;32m  OK  [0m] Reached target User and Group Name Lookups.
[   17.976195] systemd[1]: Set up automount Arbitrary Executable File Formats File System Automount Point.
[[0;32m  OK  [0m] Set up automount Arbitrary Executab...ats File System Automount Point.
[   18.058242] systemd[1]: Created li Uer a Ssi Sce

[[0;32m  OK  [0m] Created slice User and Session Slice.
[  18.548800] systemd[1]: Started Forward Password Requests to Wall Directory Watch.
 [[0;32m  OK  [0m] Started Forward Password Requests to Wall Directory Watch.
[   18.578147] systemd[1]: Listening on Syslog Socket.
[[0;32m  OK  [0m] Listening on Syslog Socket.
[   18.580091] systemd[1]: Listening on LVM2 poll daemon socket.
[[0;32m  OK  [0m] Listening on LVM2 poll daemon socket.
[   18.581988] systemd[1]: Reached target Encrypted Volumes.
[[0;32m  OK  [0m] Reached target Encrypted Volumes.
[   18.583785] systemd[1]: Reached target Swap.
[[0;32m  OK  [0m] Reached target Swap.
[   18.585338] systemd[1]: Listening on udev Control Socket.
[[0;32m  OK  [0m] Listening on udev Control Socket.
[   18.586968] systemd[1]: Started Trigger resolvconf update for networkd DNS.
[[0;32m  OK  [0m] Started Trigger resolvconf update for networkd DNS.
[   18.588844] systemd[1]: Listening on udev Kernel Socket.
[[0;32m  OK  [0m] Listening on udev Kernel Socket.
[   18.590419] systemd[1]: Listening on Journal Socket (/dev/log).
[[0;32m  OK  [0m] Listening on Journal Socket (/dev/log).
[   18.592122] systemd[1]: Listening on Device-mapper event daemon FIFOs.
[[0;32m  OK  [0m] Listening on Device-mapper event daemon FIFOs.
[   18.593981] systemd[1]: Listening on Journal Audit Socket.
[[0;32m  OK  [0m] Listening on Journal Audit Socket.
[   18.595634] systemd[1]: Listening on /dev/initctl Compatibility Named Pipe.
[[0;32m  OK  [0m] Listening on /dev/initctl Compatibility Named Pipe.
[   18.597572] systemd[1]: Listening on Journal Socket.
[[0;32m  OK  [0m] Listening on Journal Socket.
[   18.599120] systemd[1]: Listening on LVM2 metadata daemon socket.
[[0;32m  OK  [0m] Listening on LVM2 metadata daemon socket.
[   18.601092] systemd[1]: Created slice System Slice.
[[0;32m  OK  [0m] Created slice System Slice.
[   18.621019] systemd[1]: Starting Remount Root and Kernel File Systems...
         Starting Remount Root and Kernel File Systems...
[   18.629746] systemd[1]: Created slice system-serial\x2dgetty.slice.
[[0;32m  OK  [0m] Created slice system-serial\x2dgetty.slice.
[   18.632105] EXT4-fs (sda1): re-mounted. Opts: (null)
[   18.632214] systemd[1]: Starting Nameserver information manager...
         Starting Nameserver information manager...
[   18.697802] systemd[1]: Starting Journal Service...
         Starting Journal Service...
[   18.700972] systemd[1]: Mounting POSIX Message Queue File System...
         Mounting POSIX Message Queue File System...
[   18.745029] systemd[1]] Starting Uncomplicated firewall...
         Starting Uncomplicated firewall...
[   18.876809] systemd[1]: Mounting Debug File System...
         Mounting Debug File System...
[   18.885639] systemd[1]: Starting Set console keymap...
[   18.889410] random: nonblocking pool is initialized
         Starting Set console keymap...
[   18.890433] systemd[1]: Reached target Slices.
[[0;32m  OK  [0m] Reached target Slices.
[   18.893981] systemd[1]: Starting Load Kernel Modules...
         Starting Load Kernel Modules...
[   18.905355] systemd[1]: Starting Monitoring of LVM2 mirrors, snapshots etc. using dmeventd or progress polling...
         Starting Monitoring of LVM2 mirr[   18.941726] Loading iSCSI transport class v2.0-870.
ors... dmeventd or progress polling...
[   18.949213] systemd[1]: Mounting Huge Pages File System...
         Mounting Huge Pages File System.[   19.041119] iscsi: registered transport (tcp)
..
[   19.136346] systemd[1]: Starting Create list of required static device nodes for the current kernel...
         Starting Create list of required st... nodes for the current kernel...
[   19.222697] systemd[1]: Mounted Debug File System.
[[0;32m  OK  [0m] Mounted Debu[   19.250437] iscsi: registered transport (iser)
g File System.
[   994411051] systemd[1]: Mounted POSIX Message Queue File System.
[[0;32m  OK  [0m] Mounted POSIX Message Queue File System.
[   19.793055] systemd[1]: Mounted Huge Pages File System.
[[0;32m  OK  [0m] Mounted Huge Pages File System.
[   20.057407] systemd[1]: Started Journal Service.
[[0;32m  OK  [0m] Started Journal Service.
[[0;32m  OK  [0m] Started Remount Root and Kernel File Systems.
[[0;32m  OK  [0m] Started Uncomplicated firewall.
[[0;32m  OK  [0m] Started Set console keymap.
[[0;32m  OK  [0m] Started Load Kernel Modules.
[[0;32m  OK  [0m] Started Create list of required sta...ce nodes for the current kernel.
[[0;32m  OK  [0m] Started Nameserver information manager.
[[0;32m  OK  [0m] Started LVM2 metadata daemon.
         Starting Create Static Device Nodes in /dev...
         Mounting FUSE Control File System...
         Starting Apply Kernel Variables...
         Starting Load/Save Random Seed...
         Starting Initial cloud-init job (pre-networking)...
         Starting udev Coldplug all Devices...
         Starting Flush Journal to Persistent Storage...
[[0;32m  OK  [0m] Mounted FUSE Control File System.
[[0;32m  OK  [0m] Started Monitoring of LVM2 mirrors,...ng dmeventd or progress polling.
[[0;32m  OK  [0m] Started Create Static Device Nodes in /dev.
[[0;32m  OK  [0m] Started Apply Kernel Variables.
[[0;32m  OK  [0m] Started Load/Save Random Seed.
[[0;32m  OK  [0m] Started udev Coldplug all Devices.
[[0;32m  OK  [0m] Started Flush Journal to Persistent Storage.
         Starting udev Kernel Device Manager...
[[0;32m  OK  [0m] Started udev Kernel Device Manager.
[[0;32m  OK  [0m] Reached target Local File Systems (Pre).
[[0;32m  OK  [0m] Reached target Local File Systems.
         Starting Set console font and keymap...
         Starting Tell Plymouth To Write Out Runtime Data...
         Starting Commit a transient machine-id on disk...
         Starting LSB: AppArmor initialization...
         Starting Create Volatile Files and Directories...
[[0;32m  OK  [0m] Started Dispatch Password Requests to Console Directory Watch.
[[0;32m  OK  [0m] Started Tell Plymouth To Write Out Runtime Data.
[[0;32m  OK  [0m] Started Commit a transient machine-id on disk.
[[0;32m  OK  [0m] Started Create Volatile Files and Directories.
[[0;32m  OK  [0m] Reached target System Time Synchronized.
         Starting Update UTMP about System Boot/Shutdown...
[[0;32m  OK  [0m] Started Update UTMP about System Boot/Shutdown.
[[0;32m  OK  [0m] Found device /dev/ttyS0.
[[0;32m  OK  [0m] Started Set console font and keymap.
[[0;32m  OK  [0m] Created slice system-getty.slice.
[[0;32m  OK  [0m[   13.444410] ] cloud-initListening on Load/Save RF Kill Switch Status /dev/rfkill Watch.[459]: 
Cloud-init v. 17.1 running 'init-local' at Wed, 14 Mar 2018 10:57:26 +0000. Up 13.02 seconds.
[[0;32m  OK  [0m] Started Initial cloud-init job (pre-networking).
[[0;32m  OK  [0m] Started LSB: AppArmor initialization.
[[0;32m  OK  [0m] Reached target Network (Pre).
         Starting Raise network interfaces...
[[0;32m  OK  [0m] Started Raise network interfaces.
         Starting Initial cloud-init job (metadata service crawler)...
[[0;32m  OK  [0m] Reached target Network.
[   17.110153] cloud-init[954]: Cloud-init v. 17.1 running 'init' at Wed, 14 Mar 2018 10:57:29 +0000. Up 16.55 seconds.
[[0;32m  OK  [0m] Started Initial cloud-init job (metadata service crawler).
[   17.206957] cloud-init[954]: ci-info: ++++++++++++++++++++++++++++++++++++++Net device info++++++++++++++++++++++++++++++++++++++
[   17.219909] cloud-init[954]: ci-info: +--------+-------+----------------------------+---------------+-------+-------------------+
[   17.226733] cloud-init[954]: ci-info: | Device |   Up  |          Address           |      Mask     | Scope |     Hw-Address    |
[   17.233202] cloud-init[954]: ci-info: +--------+-------+----------------------------+---------------+-------+-------------------+
[[0;32m  OK  [0m] Reached target Cloud-config availability.
[[0;32m  OK  [0m] Reached target System Initialization.
[   17.260539] cloud-init[954]: ci-info: | enp0s3 |  True |         10.0.2.15          | 255.255.255.0 |   .   | 02:24:89:81:87:2f |
[   17.282761] cloud-init[954]: ci-info: | enp0s3 |  True | fe80::24:89ff:fe81:872f/64 |       .       |  link | 02:24:89:81:87:2f |
[[0;32m  OK  [0m] Started Timer to automatically refresh installed snaps.[   17.293099] cloud-init[954]: ci-info: | enp0s8 | False |             .              |       .       |   .   | 08:00:27:6b:c2:43 |
[[0;32m  OK  [0m] Listening on ACPID Listen Socket.
[[0;32m  OK  [0m] Listening on D-Bus System Message Bus Socket.
[[0;32m  OK  [0m] Started Daily Cleanup of Temporary Directories.
[   17.300962] cloud-init[954]: ci-info: |   lo   |  True |         127.0.0.1          |   255.0.0.0   |   .   |         .         |
[   17.302963] cloud-init[954]: ci-info: |   lo   |  True |          ::1/128           |       .       |  host |         .         |
[[0;32m  OK  [0m] Started Daily apt download activities.
[[0;32m  OK  [0m] Listening on UUID daemon activation socket.
         Starting Socket activation for snappy daemon.

[   17.308157] cloud-init[954]: ci-info: +--------+-------+----------------------------+---------------+-------+-------------------+
[   17.309668] cloud-init[954]: ci-info: +++++++++++++++++++++++++++Route IPv4 info++++++++++++++++++++++++++++
[   17.309962] cloud-init[954]: ci-info: +-------+-------------+----------+---------------+-----------+-------+
[   17.310248] cloud-init[954]: ci-info: | Route | Destination | Gateway  |    Genmask    | Interface | Flags |
[   17.310552] cloud-init[954]: ci-info: +-------+-------------+----------+---------------+-----------+-------+
[   17.310836] cloud-init[954]: ci-info: |   0   |   0.0.0.0   | 10.0.2.2 |    0.0.0.0    |   enp0s3  |   UG  |
[   17.311120] cloud-init[954]: ci-info: |   1   |   10.0.2.0  | 0.0.0.0  | 255.255.255.0 |   enp0s3  |   U   |
[   17.311367] cloud-init[954]: ci-info: +-------+-------------+----------+---------------+-----------+-------+
[   17.311638] cloud-init[954]: Generating public/private rsa key pair.
[   17.311864] cloud-init[954]: Your identification has been saved in /etc/ssh/ssh_host_rsa_key.
[   17.312368] cloud-init[954]: Your public key has been saved in /etc/ssh/ssh_host_rsa_key.pub.
[   17.312610] cloud-init[954]: The key fingerprint is:
[   17.312858] cloud-init[954]: SHA256:qj6+G11gZ2p0aUybgRhZn4K7ggMxeauqLwOM497JVyE root@ubuntu-xenial
[   17.313104] cloud-init[954]: The key's randomart image is:
[   17.313355] cloud-init[954]: +---[RSA 2048]----+
[   17.313600] cloud-init[954]: |    .=..o        |
[   17.313846] cloud-init[954]: | .  o..+ *       |
[   17.314094] cloud-init[954]: |+ . . = %        |
[   17.314349] cloud-init[954]: | + . E X         |
[[0;32m  OK  [0m] Started Daily apt upgrade and clean activities.
[   17.314475] cloud-init[954]: |+ . . + S        |
[   17.324479] cloud-init[954]: |=+   + +         |
[   17.325173] cloud-init[954]: |*.. o +          |
         Starting LXD - unix socket.
[   17.326362] cloud-init[954]: |+oo.o+           |
[   17.328706] cloud-init[954]: |==.*B+           |
[   17.330462] cloud-init[954]: +----[SHA256]-----+
[   17.330627] cloud-init[954]: Generating public/private dsa key pair.
[[0;32m  OK  [0m] Started ACPI Events Check.
[[   17.330723] cloud-init[954]: Your identification has been saved in /etc/ssh/ssh_host_dsa_key.
[   17.333154] cloud-init[954]: Your public key has been saved in /etc/ssh/ssh_host_dsa_key.pub.
[   17.333342] cloud-init[954]: The key fingerprint is:
[0;32m  OK  [0m] Reached target Paths.
[   17.333454] cloud-init[954]: SHA256:J6Qa07jeIqsTW6m85hibsJK+xKWosfs+KvWPj0NLUDg root@ubuntu-xenial
[   17.341730] cloud-init[954]: The key's randomart image is:
[   17.341918] cloud-init[954]: +---[DSA 1024]----+
[   17.342125] cloud-init[954]: |   .             |
[   17.342337] cloud-init[954]: |  E .            |
[   17.342544] cloud-init[954]: |   o    .        |
[   17.342746] cloud-init[954]: |  .  o o         |
[   17.342951] cloud-init[954]: |   ++ o S .      |
[   17.343155] cloud-init[954]: |+ * o=   o       |
[   17.343360] cloud-init[954]: |*@ +o.           |
[   17.343565] cloud-init[954]: |%Xo.=+           |
[   17.343770] cloud-init[954]: |^%*++=+          |
[   17.343974] cloud-init[954]: +----[SHA256]-----+
[   17.344186] cloud-init[954]: Generating public/private ecdsa key pair.
[   17.344384] cloud-init[954]: Your identification has been saved in /etc/ssh/ssh_host_ecdsa_key.
[   17.344591] cloud-init[954]: Your public key has been saved in /etc/ssh/ssh_host_ecdsa_key.pub.
[   17.344792] cloud-init[954]: The key fingerprint is:
[   17.344996] cloud-init[954]: SHA256:VNjciUg0Wtf6QK2cc+6Q/Kb+Sty9UMKPtTrNpa9Yzb4 root@ubuntu-xenial
[   17.345201] cloud-init[954]: The key's randomart image is:
[   17.345403] cloud-init[954]: +---[ECDSA 256]---+
[   17.345607] cloud-init[954]: |       o==o= .   |
[   17.345811] cloud-init[954]: |       oo+= =    |
[   17.346015] cloud-init[954]: |      . .o +     |
[   17.346220] cloud-init[954]: |       .  B..    |
[[0;32m  OK  [0m] Reached target Timers.
[   17.346431] cloud-init[954]: |        S. Bo o  |
[   17.357046] cloud-init[954]: |         .+.oB +.|
[   17.357236] cloud-init[954]: |          o++o=oo|
[   17.357440] cloud-init[954]: |         .  ==+o |
[   17.357639] cloud-init[954]: |         .+=+.oE+|
[   17.357841] cloud-init[954]: +----[SHA256]-----+
[   17.358043] cloud-init[954]: Generating public/private ed25519 key pair.
[   17.358247] cloud-init[954]: Your identification has been saved in /etc/ssh/ssh_host_ed25519_key.
[   17.358463] cloud-init[954]: Your public key has been saved in /etc/ssh/ssh_host_ed25519_key.pub.
[   17.358657] cloud-init[954]: The key fingerprint is:
[   17.358857] cloud-init[954]: SHA256:5L8goSb6uCDq0PGbX6gaRuN8lHgrTy5BqOUtG78qJUs root@ubuntu-xenial
[   17.359062] cloud-init[954]: The key's randomart image is:
[   17.359260] cloud-init[954]: +--[ED25519 256]--+
[   17.359463] cloud-init[954]: |                 |
[   17.359667] cloud-init[954]: |                 |
[   17.359871] cloud-init[954]: | .      .        |
[   17.360182] cloud-init[954]: |. o. . o         |
[   17.360381] cloud-init[954]: |.+=.+ . S        |
[   17.360580] cloud-init[954]: |oE**.o o .       |
[   17.360781] cloud-init[954]: |=+O*B o o .      |
[   17.360984] cloud-init[954]: |B+oX.+ o . .     |
[   17.361363] cloud-init[954]: |*=++Bo.   .      |
[   17.361594] cloud-init[954]: +----[SHA256]-----+
[[0;32m  OK  [0m] Reached target Network is Online.
         Starting iSCSI initiator daemon (iscsid)...
[[0;32m  OK  [0m] Listening on Socket activation for snappy daemon.
[[0;32m  OK  [0m] Listening on LXD - unix socket.
[[0;32m  OK  [0m] Started iSCSI initiator daemon (iscsid).
         Starting Login to default iSCSI targets...
[[0;32m  OK  [0m] Reached target Sockets.
[[0;32m  OK  [0m] Reached target Basic System.
[[0;32m  OK  [0m] Started ACPI event daemon.
         Starting System Logging Service...
         Starting LSB: Record successful boot for GRUB...
         Starting Login Service...
         Starting LXD - container startup/shutdown...
         Starting Apply the settings specified in cloud-config...
[[0;32m  OK  [0m] Started Unattended Upgrades Shutdown.
[[0;32m  OK  [0m] Started Deferred execution scheduler.
         Starting Accounts Service...
         Starting Pollinate to seed the pseudo random number generator...
[[0;32m  OK  [0m] Started Regular background program processing daemon.
         Starting /etc/rc.local Compatibility...
[[0;32m  OK  [0m] Started FUSE filesystem for LXC.
         Starting LSB: MD monitoring daemon...
[[0;32m  OK  [0m] Started D-Bus System Message Bus.
         Starting Snappy daemon...
[[0;32m  OK  [0m] Started System Logging Service.
[[0;32m  OK  [0m] Started LXD - container startup/shutdown.
[[0;32m  OK  [0m] Started /etc/rc.local Compatibility.
[[0;32m  OK  [0m] Started Login to default iSCSI targets.
[[0;32m  OK  [0m] Started LSB: Record successful boot for GRUB.
[[0;32m  OK  [0m] Started LSB: MD monitoring daemon.
[[0;32m  OK  [0m] Started Login Service.
         Starting Authenticate and Authorize Users to Run Privileged Tasks...
[[0;32m  OK  [0m] Reached target Remote File Systems (Pre).
[[0;32m  OK  [0m] Reached target Remote File Systems.
         Starting LSB: daemon to balance interrupts for SMP systems...
         Starting LSB: Set the CPU Frequency Scaling governor to "ondemand"...
[   18.002730] cloud-init[1073]: Generating locales (this might take a while)...
         Starting Permit User Sessions...
         Starting LSB: automatic crash report generation...
         Starting LSB: VirtualBox Linux Additions...
[[0;32m  OK  [0m] Started Snappy daemon.
[[0;32m  OK  [0m] Started Permit User Sessions.
[[0;32m  OK  [0m] Started Authenticate and Authorize Users to Run Privileged Tasks.
[[0;32m  OK  [0m] Started Accounts Service.
[[0;32m  OK  [0m] Started LSB: Set the CPU Frequency Scaling governor to "ondemand".
[[0;32m  OK  [0m] Started LSB: daemon to balance interrupts for SMP systems.
         Starting Hold until boot process finishes up...
         Starting Terminate Plymouth Boot Screen...
[[0;32m  OK  [0m] Started LSB: automatic crash report generation.
[[0;32m  OK  [0m] Started Hold until boot process finishes up.
[[0;32m  OK  [0m] Started Terminate Plymouth Boot Screen.
         Starting Set console scheme...
[[0;32m  OK  [0m] Started Getty on tty1.
[[0;32m  OK  [0m] Started Serial Getty on ttyS0.
[[0;32m  OK  [0m] Reached target Login Prompts.
[[0;32m  OK  [0m] Started Pollinate to seed the pseudo random number generator.
[[0;32m  OK  [0m] Started LSB: VirtualBox Linux Additions.
[   18.585089] cloud-init[1073]:   en_US.UTF-8... done
[[0;32m  OK  [0m] Started Set console scheme.
[   18.611758] cloud-init[1073]: Generation complete.
         Starting OpenBSD Secure Shell server...
[[0;32m  OK  [0m] Started OpenBSD Secure Shell server.
[[0;32m  OK  [0m] Reached target Multi-User System.
[[0;32m  OK  [0m] Reached target Graphical Interface.
         Starting Update UTMP about System Runlevel Changes...
[[0;32m  OK  [0m] Started Update UTMP about System Runlevel Changes.
[   18.908226] cloud-init[1073]: Cloud-init v. 17.1 running 'modules:config' at Wed, 14 Mar 2018 10:57:30 +0000. Up 17.88 seconds.
[[0;32m  OK  [0m] Started Apply the settings specified in cloud-config.
         Starting Execute cloud user/final scripts...
ci-info: no authorized ssh keys fingerprints found for user ubuntu.
<14>Mar 14 10:57:32 ec2: 
<14>Mar 14 10:57:32 ec2: #############################################################
<14>Mar 14 10:57:32 ec2: -----BEGIN SSH HOST KEY FINGERPRINTS-----
<14>Mar 14 10:57:32 ec2: 1024 SHA256:J6Qa07jeIqsTW6m85hibsJK+xKWosfs+KvWPj0NLUDg root@ubuntu-xenial (DSA)
<14>Mar 14 10:57:32 ec2: 256 SHA256:VNjciUg0Wtf6QK2cc+6Q/Kb+Sty9UMKPtTrNpa9Yzb4 root@ubuntu-xenial (ECDSA)
<14>Mar 14 10:57:32 ec2: 256 SHA256:5L8goSb6uCDq0PGbX6gaRuN8lHgrTy5BqOUtG78qJUs root@ubuntu-xenial (ED25519)
<14>Mar 14 10:57:32 ec2: 2048 SHA256:qj6+G11gZ2p0aUybgRhZn4K7ggMxeauqLwOM497JVyE root@ubuntu-xenial (RSA)
<14>Mar 14 10:57:32 ec2: -----END SSH HOST KEY FINGERPRINTS-----
<14>Mar 14 10:57:32 ec2: #############################################################
-----BEGIN SSH HOST KEY KEYS-----
ecdsa-sha2-nistp256 AAAAE2VjZHNhLXNoYTItbmlzdHAyNTYAAAAIbmlzdHAyNTYAAABBBAo+h0ucjO9rJ6odaWC6IyIuNse0nr8nvg4sNDqyUTngwcgmf4mOjFvVU8Xd9CY83V7WOFUV4nw4dFgrzTxGhVA= root@ubuntu-xenial
ssh-ed25519 AAAAC3NzaC1lZDI1NTE5AAAAIFxcqkBobrf8G+yzq2QAr1m0MGLkMU2MZHMc73yUBfXc root@ubuntu-xenial
ssh-rsa AAAAB3NzaC1yc2EAAAADAQABAAABAQDeRUnvevRLAsGg+sXiGdZ3pMEay6zi8MkBy/6jEKQkzypu6S4EYyfhIjDThNhhuxceALdYbhAKVAWJg+oxVYpMTyOJ5RXFtXjCQTHROfLP9cY0saGK26Vd0MoMqnUiaGYwQBakA6FVnsDiHiip7/VlD+7NeDnPxoybc7WoGUGxHu7nPn9snvlecPuNDg3trlm+I8pII+JT4XQWPnBmTuaE+cUJjHJi8Gr+7Gm+IwQwAUlnIrK0lH4pxv2nWfz69dvn6KO/POX5NSAW9qFffRrvLd5Z0hbhrdR05j1ZSfXvJqgn5PxW6MXKmjGfdEIH86Hr53YHZXBpxE1DEt63USmZ root@ubuntu-xenial
-----END SSH HOST KEY KEYS-----
[   19.314601] cloud-init[1311]: Cloud-init v. 17.1 running 'modules:final' at Wed, 14 Mar 2018 10:57:32 +0000. Up 19.16 seconds.
[   19.341735] cloud-init[1311]: ci-info: no authorized ssh keys fingerprints found for user ubuntu.
[   19.349416] cloud-init[1311]: Cloud-init v. 17.1 finished at Wed, 14 Mar 2018 10:57:32 +0000. Datasource DataSourceNoCloud [seed=/dev/sdb][dsmode=net].  Up 19.30 seconds
[[0;32m  OK  [0m] Started Execute cloud user/final scripts.
[[0;32m  OK  [0m] Reached target Cloud-init target.

Ubuntu 16.04.4 LTS ubuntu-xenial ttyS0

ubuntu-xenial login: 