[    0.000000] Initializing cgroup subsys cpuset
[    0.000000] Initializing cgroup subsys cpu
[    0.000000] Initializing cgroup subsys cpuacct
[    0.000000] Linux version 4.4.0-116-generic (buildd@lgw01-amd64-021) (gcc version 5.4.0 20160609 (Ubuntu 5.4.0-6ubuntu1~16.04.9) ) #140-Ubuntu SMP Mon Feb 12 21:23:04 UTC 2018 (Ubuntu 4.4.0-116.140-generic 4.4.98)
[    0.000000] Command line: BOOT_IMAGE=/boot/vmlinuz-4.4.0-116-generic root=LABEL=cloudimg-rootfs ro console=tty1 console=ttyS0
[    0.000000] KERNEL supported cpus:
[    0.000000]   Intel GenuineIntel
[    0.000000]   AMD AuthenticAMD
[    0.000000]   Centaur CentaurHauls
[    0.000000] x86/fpu: xstate_offset[2]:  576, xstate_sizes[2]:  256
[    0.000000] x86/fpu: Supporting XSAVE feature 0x01: 'x87 floating point registers'
[    0.000000] x86/fpu: Supporting XSAVE feature 0x02: 'SSE registers'
[    0.000000] x86/fpu: Supporting XSAVE feature 0x04: 'AVX registers'
[    0.000000] x86/fpu: Enabled xstate features 0x7, context size is 832 bytes, using 'standard' format.
[    0.000000] x86/fpu: Using 'lazy' FPU context switches.
[    0.000000] e820: BIOS-provided physical RAM map:
[    0.000000] BIOS-e820: [mem 0x0000000000000000-0x000000000009fbff] usable
[    0.000000] BIOS-e820: [mem 0x000000000009fc00-0x000000000009ffff] reserved
[    0.000000] BIOS-e820: [mem 0x00000000000f0000-0x00000000000fffff] reserved
[    0.000000] BIOS-e820: [mem 0x0000000000100000-0x000000003ffeffff] usable
[    0.000000] BIOS-e820: [mem 0x000000003fff0000-0x000000003fffffff] ACPI data
[    0.000000] BIOS-e820: [mem 0x00000000fec00000-0x00000000fec00fff] reserved
[    0.000000] BIOS-e820: [mem 0x00000000fee00000-0x00000000fee00fff] reserved
[    0.000000] BIOS-e820: [mem 0x00000000fffc0000-0x00000000ffffffff] reserved
[    0.000000] NX (Execute Disable) protection: active
[    0.000000] SMBIOS 2.5 present.
[    0.000000] Hypervisor detected: KVM
[    0.000000] e820: last_pfn = 0x3fff0 max_arch_pfn = 0x400000000
[    0.000000] MTRR: Disabled
[    0.000000] x86/PAT: MTRRs disabled, skipping PAT initialization too.
[    0.000000] CPU MTRRs all blank - virtualized system.
[    0.000000] x86/PAT: Configuration [0-7]: WB  WT  UC- UC  WB  WT  UC- UC  
[    0.000000] found SMP MP-table at [mem 0x0009fff0-0x0009ffff] mapped at [ffff88000009fff0]
[    0.000000] Scanning 1 areas for low memory corruption
[    0.000000] RAMDISK: [mem 0x36ac2000-0x37558fff]
[    0.000000] ACPI: Early table checksum verification disabled
[    0.000000] ACPI: RSDP 0x00000000000E0000 000024 (v02 VBOX  )
[    0.000000] ACPI: XSDT 0x000000003FFF0030 00003C (v01 VBOX   VBOXXSDT 00000001 ASL  00000061)
[    0.000000] ACPI: FACP 0x000000003FFF00F0 0000F4 (v04 VBOX   VBOXFACP 00000001 ASL  00000061)
[    0.000000] ACPI: DSDT 0x000000003FFF0470 0021FF (v02 VBOX   VBOXBIOS 00000002 INT 20160108)
[    0.000000] ACPI: FACS 0x000000003FFF0200 000040
[    0.0000000] ACPI: FACS 0x000000003FFF0200 000040
[    0.000000] ACPI: APIC 0x000000003FFF0240 00005C (v02 VBOX   VBOXAPIC 00000001 ASL  00000061)
[    0.000000] ACPI: SSDT 0x000000003FFF02A0 0001CC (v01 VBOX   VBOXCPUT 00000002 INTL 20160108)
[    0.000000] No NUMA configuration found
[    0.000000] Faking a node at [mem 0x0000000000000000-0x000000003ffeffff]
[    0.000000] NODE_DATA(0) allocated [mem 0x3ffeb000-0x3ffeffff]
[    0.000000] kvm-clock: Using msrs 4b564d01 and 4b564d00
[    0.000000] kvm-clock: cpu 0, msr 0:3ffe3001, primary cpu clock
[    0.000000] kvm-clock: using sched offset of 2944527671 cycles
[    0.000000] clocksource: kvm-clock: mask: 0xffffffffffffffff max_cycles: 0x1cd42e4dffb, max_idle_ns: 881590591483 ns
[    0.000000] Zone ranges:
[    0.000000]   DMA      [mem 0x0000000000001000-0x0000000000ffffff]
[    0.000000]   DMA32    [mem 0x0000000001000000-0x000000003ffeffff]
[    0.000000]   Normal   empty
[    0.000000]   Device   empty
[    0.000000] Movable zone start for each node
[    0.000000] Early memory node ranges
[    0.000000]   node   0: [mem 0x0000000000001000-0x000000000009efff]
[    0.000000]   node   0: [mem 0x0000000000100000-0x000000003ffeffff]
[    0.000000] Initmem setup node 0 [mem 0x0000000000001000-0x000000003ffeffff]
[    0.000000] ACPI: PM-Timer IO Port: 0x4008
[    0.000000] IOAPIC[0]: apic_id 2, version 32, address 0xfec00000, GSI 0-23
[    0.000000] ACPI: INT_SRC_OVR (bus 0 bus_irq 0 global_irq 2 dfl dfl)
[    0.000000] ACPI: INT_SRC_OVR (bus 0 bus_irq 9 global_irq 9 low level)
[    0.000000] Using ACPI (MADT) for SMP configuration information
[    0.000000] smpboot: Allowing 2 CPUs, 0 hotplug CPUs
[    0.000000] PM: Registered nosave memory: [mem 0x00000000-0x00000fff]
[    0.000000] PM: Registered nosave memory: [mem 0x0009f000-0x0009ffff]
[    0.000000] PM: Registered nosave memory: [mem 0x000a0000-0x000effff]
[    0.000000] PM: Registered nosave memory: [mem 0x000f0000-0x000fffff]
[    0.000000] e820: [mem 0x40000000-0xfebfffff] available for PCI devices
[    0.000000] Booting paravirtualized kernel on KVM
[    0.000000] clocksource: refined-jiffies: mask: 0xffffffff max_cycles: 0xffffffff, max_idle_ns: 7645519600211568 ns
[    0.000000] setup_percpu: NR_CPUS:512 nr_cpumask_bits:512 nr_cpu_ids:2 nr_node_ids:1
[    0.000000] PERCPU: Embedded 34 pages/cpu @ffff88003fc00000 s99544 r8192 d31528 u1048576
[    0.000000] PV qspinlock hash table entries: 256 (order: 0, 4096 bytes)
[    0.000000] Built 1 zonelists in Node order, mobility grouping on.  Total pages: 257913
[    0.000000] Policy zone: DMA32
[    0.000000] Kernel command line: BOOT_IMAGE=/boot/vmlinuz-4.4.0-116-generic root=LABEL=cloudimg-rootfs ro console=tty1 console=ttyS0
[    0.000000] PID hash table entries: 4096 (order: 3, 32768 bytes)
[    0.000000] Memory: 1001688K/1048120K available (8530K kernel code, 1309K rwdata, 3992K rodata, 1508K init, 1316K bss, 46432K reserved, 0K cma-reserved)
[    0.000000] SLUB: HWalign=64, Order=0-3, MinObjects=0, CPUs=2, Nodes=1
[    0.000000] Kernel/User page tables isolation: enabled
[    0.000000] Hierarchical RCU implementation.
[    0.000000] 	Build-time adjustment of leaf fanout to 64.
[    0.000000] 	RCU restricting CPUs from NR_CPUS=512 to nr_cpu_ids=2.
[    0.000000] RCU: Adjusting geometry for rcu_fanout_leaf=64, nr_cpu_ids=2
[    0.000000] NR_IRQS:33024 nr_irqs:440 16
[    0.000000] Console: colour VGA+ 80x25
[    0.000000] console [tty1] enabled
[    0.000000] console [ttyS0] enabled
[    0.000000] tsc: Detected 2207.926 MHz processor
[    0.120827] Calibrating delay loop (skipped) preset value.. 4415.85 BogoMIPS (lpj=8831704)
[    0.122155] pid_max: default: 32768 minimum: 301
[    0.122859] ACPI: Core revision 20150930
[    0.124285] ACPI: 2 ACPI AML tables successfully acquired and loaded
[    0.129115] Security Framework initialized
[    0.129757] Yama: becoming mindful.
[    0.130345] AppArmor: AppArmor initialized
[    0.131049] Dentry cache hash table entries: 131072 (order: 8, 1048576 bytes)
[    0.132497] Inode-cache hash table entries: 65536 (order: 7, 524288 bytes)
[    0.142861] Mount-cache hash table entries: 2048 (order: 2, 16384 bytes)
[    0.143786] Mountpoint-cache hash table entries: 2048 (order: 2, 16384 bytes)
[    0.144924] Initializing cgroup subsys io
[    0.145566] Initializing cgroup subsys memory
[    0.146244] Initializing cgroup subsys devices
[    0.146925] Initializing cgroup subsys freezer
[    0.147605] Initializing cgroup subsys net_cls
[    0.148285] Initializing cgroup subsys perf_event
[    0.149016] Initializing cgroup subsys net_prio
[    0.149706] Initializing cgroup subsys hugetlb
[    0.150387] Initializing cgroup subsys pids
[    0.151104] CPU: Physical Processor ID: 0
[    0.151735] CPU: Processor Core ID: 0
[    0.152337] FEATURE SPEC_CTRL Not Present
[    0.154558] mce: CPU supports 0 MCE banks
[    0.155205] Last level iTLB entries: 4KB 64, 2MB 8, 4MB 8
[    0.155983] Last level dTLB entries: 4KB 64, 2MB 0, 4MB 0, 1GB 4
[    0.156842] Spectre V2 mitigation: Mitigation: Full generic retpoline
[    0.157737] Spectre V2 mitigation: Speculation control IBPB not-supported IBRS not-supported
[    0.163982] Freeing SMP alternatives memory: 32K
[    0.171655] ftrace: allocating 32186 entries in 126 pages
[    0.220663] smpboot: APIC(0) Converting physical 0 to logical package 0
[    0.228977] smpboot: Max logical packages: 1
[    0.229852] x2apic enabled
[    0.230530] Switched APIC routing to physical x2apic.
[    0.232191] ..TIMER: vector=0x30 apic1=0 pin1=2 apic2=-1 pin2=-1
[    0.340533] smpboot: CPU0: Intel(R) Core(TM) i5-7260U CPU @ 2.20GHz (family: 0x6, model: 0x8e, stepping: 0x9)
[    0.348359] Performance Events: unsupported p6 CPU model 142 no PMU driver, software events only.
[    0.349774] KVM setup paravirtual spinlock
[    0.351009] x86: Booting SMP configuration:
[    0.352729] .... node  #0, CPUs:      #1
[    0.353459] kvm-clock: cpu 1, msr 0:3ffe3041, secondary cpu clock
[    0.355252] mce: CPU supports 0 MCE banks
[    0.390328] x86: Booted up 1 node, 2 CPUs
[    0.396426] smpboot: Total of 2 processors activated (8831.70 BogoMIPS)
[    0.397683] devtmpfs: initialized
[    0.399355] evm: security.selinux
[    0.399900] evm: security.SMACK64
[    0.400449] evm: security.SMACK64EXEC
[    0.401026] evm: security.SMACK64TRANSMUTE
[    0.401647] evm: security.SMACK64MMAP
[    0.402227] evm: security.ima
[    0.402735] evm: security.capability
[    0.403466] clocksource: jiffies: mask: 0xffffffff max_cycles: 0xffffffff, max_idle_ns: 7645041785100000 ns
[    0.404908] futex hash table entries: 512 (order: 3, 32768 bytes)
[    0.405855] pinctrl core: initialized pinctrl subsystem
[    0.406692] RTC time:  9:02:50, date: 03/16/18
[    0.407517] NET: Registered protocol family 16
[    0.416775] cpuidle: using governor ladder
[    0.428053] cpuidle: using governor menu
[    0.492517] PCCT header not found.
[    0.560522] ACPI: bus type PCI registered
[    0.629673] acpiphp: ACPI Hot Plug PCI Controller Driver version: 0.5
[    0.747275] PCI: Using configuration type 1 for base access
[    0.861878] ACPI: Added _OSI(Module Device)
[    0.926263] ACPI: Added _OSI(Processor Device)
[    1.016383] ACPI: Added _OSI(3.0 _SCP Extensions)
[    1.121149] ACPI: Added _OSI(Processor Aggregator Device)
[    1.227944] ACPI: Executed 1 blocks of module-level executable AML code
[    1.341751] ACPI: Interpreter enabled
[    1.407363] ACPI: (supports S0 S5)
[    1.416048] ACPI: Using IOAPIC for interrupt routing
[    1.465677] PCI: Using host bridge windows from ACPI; if necessary, use "pci=nocrs" and report a bug
[    1.612588] ACPI: PCI Root Bridge [PCI0] (domain 0000 [bus 00-ff])
[    1.740237] acpi PNP0A03:00: _OSC: OS supports [ASPM ClockPM Segments MSI]
[    1.883461] acpi PNP0A03:00: _OSC: not requesting OS control; OS requires [ExtendedConfig ASPM ClockPM MSI]
[    2.078249] acpi PNP0A03:00: fail to add MMCONFIG information, can't access extended PCI configuration space under this bridge.
[    2.320040] PCI host bridge to bus 0000:00
[    2.415307] pci_bus 0000:00: root bus resource [io  0x0000-0x0cf7 window]
[    2.493652] pci_bus 0000:00: root bus resource [io  0x0d00-0xffff window]
[    2.494453] pci_bus 0000:00: root bus resource [mem 0x000a0000-0x000bffff window]
[    2.495457] pci_bus 0000:00: root bus resource [mem 0x40000000-0xfdffffff window]
[    2.496467] pci_bus 0000:00: root bus resource [bus 00-ff]
[    2.498205] pci 0000:00:01.1: legacy IDE quirk: reg 0x10: [io  0x01f0-0x01f7]
[    2.499039] pci 0000:00:01.1: legacy IDE quirk: reg 0x14: [io  0x03f6]
[    2.562294] pci 0000:00:01.1: legacy IDE quirk: reg 0x18: [io  0x0170-0x0177]
[    2.662867] pci 0000:00:01.1: legacy IDE quirk: reg 0x1c: [io  0x0376]
[    2.830499] pci 0000:00:07.0: quirk: [io  0x4000-0x403f] claimed by PIIX4 ACPI
[    2.967361] pci 0000:00:07.0: quirk: [io  0x4100-0x410f] claimed by PIIX4 SMB
[    3.121044] ACPI: PCI Interrupt Link [LNKA] (IRQs 5 9 10 *11)
[    3.127610] ACPI: PCI Interrupt Link [LNKB] (IRQs 5 9 *10 11)
[    3.128775] ACPI: PCI Interrupt Link [LNKC] (IRQs 5 *9 10 11)
[    3.129951] ACPI: PCI Interrupt Link [LNKD] (IRQs 5 9 10 *11)
[    3.132224] ACPI: Enabled 2 GPEs in block 00 to 07
[    3.134407] vgaarb: setting as boot device: PCI:0000:00:02.0
[    3.136302] vgaarb: device added: PCI:0000:00:02.0,decodes=io+mem,owns=io+mem,locks=none
[    3.137536] vgaarb: loaded
[    3.138028] vgaarb: bridge control possible 0000:00:02.0
[    3.139002] SCSI subsystem initialized
[    3.139740] ACPI: bus type USB registered
[    3.140394] usbcore: registered new interface driver usbfs
[    3.141199] usbcore: registered new interface driver hub
[    3.141986] usbcore: registered new device driver usb
[    3.143421] PCI: Using ACPI for IRQ routing
[    3.146083] NetLabel: Initializing
[    3.146667] NetLabel:  domain hash size = 128
[    3.147338] NetLabel:  protocols = UNLABELED CIPSOv4
[    3.148086] NetLabel:  unlabeled traffic allowed by default
[    3.149041] amd_nb: Cannot enumerate AMD northbridges
[    3.149851] clocksource: Switched to clocksource kvm-clock
[    3.155911] AppArmor: AppArmor Filesystem Enabled
[    3.161990] pnp: PnP ACPI init
[    3.163062] pnp: PnP ACPI: found 3 devices
[   3.171241] clocksource: acpi_pm: mask: 0xffffff max_cycles: 0xffffff, max_idle_ns: 2085701024 ns
[    3.193531] NET: Registered protocol family 2

[    3.194357] TCP established hash table entries: 8192 (order: 4, 65536 bytes)
[    3.195339] TCP bind hash table entries: 8192 (order: 5, 131072 bytes)
[    3.201576] TCP: Hash tables configured (established 8192 bind 8192)
[    3.202487] UDP hash table entries: 512 (order: 2, 16384 bytes)
[    3.203331] UDP-Lite hash table entries: 512 (order: 2, 16384 bytes)
[    3.204243] NET: Registered protocol family 1
[    3.204928] pci 0000:00:00.0: Limiting direct PCI/PCI transfers
[    3.205781] pci 0000:00:01.0: Activating ISA DMA hang workarounds
[    3.206754] Unpacking initramfs...
[    4.649456] Freeing initrd memory: 10844K
[    4.734048] platform rtc_cmos: registered platform RTC device (no PNP device found)
[    4.916327] Scanning for low memory corruption every 60 seconds
[    5.040082] audit: initializing netlink subsys (disabled)
[    5.150224] audit: type=2000 audit(1521190976.927:1): initialized
[    5.270220] Initialise system trusted keyring
[    5.355622] HugeTLB registered 2 MB page size, pre-allocated 0 pages
[    5.513643] zbud: loaded
[    5.574553] VFS: Disk quotas dquot_6.6.0
[    5.644656] VFS: Dquot-cache hash table entries: 512 (order 0, 4096 bytes)
[    5.664119] squashfs: version 4.0 (2009/01/31) Phillip Lougher
[   .665322] fuse init (API version 7.23)

[    5.708306] Key type big_key registered
[    5.708922] Allocating IMA MOK and blacklist keyrings.
[    5.710599] Key type asymmetric registered
[    5.711227] Asymmetric key parser 'x509' registered
[    5.711960] Block layer SCSI generic (bsg) driver version 0.4 loaded (major 249)
[    5.713123] io scheduler noop registered
[    5.713730] io scheduler deadline registered (default)
[    5.714505] io scheduler cfq registered
[    5.715185] pci_hotplug: PCI Hot Plug PCI Core version: 0.5
[    5.715967] pciehp: PCI Express Hot Plug Controller Driver version: 0.4
[    5.716941] ACPI: AC Adapter [AC] (on-line)
[    5.718687] input: Power Button as /devices/LNXSYSTM:00/LNXPWRBN:00/input/input0
[    5.719809] ACPI: Power Button [PWRF]
[    5.720428] input: Sleep Button as /devices/LNXSYSTM:00/LNXSLPBN:00/input/input1
[    5.721545] ACPI: Sleep Button [SLPF]
[    5.722288] GHES: HEST is not enabled!
[    5.724108] Serial: 8250/16550 driver, 32 ports, IRQ sharing enabled
[    5.746156] 00:02: ttyS0 at I/O 0x3f8 (irq = 4, base_baud = 115200) is a 16550A
[    5.748393] tsc: Refined TSC clocksource calibration: 2208.289 MHz
[    5.749251] clocksource: tsc: mask: 0xffffffffffffffff max_cycles: 0x1fd4c92af4c, max_idle_ns: 440795204475 ns
[    5.752629] Linux agpgart interface v0.103
[    5.755971] loop: module loaded
[    5.758946] scsi host0: ata_piix
[    5.762556] scsi host1: ata_piix
[    5.764217] ata1: PATA max UDMA/33 cmd 0x1f0 ctl 0x3f6 bmdma 0xd000 irq 14
[    5.765153] ata2: PATA max UDMA/33 cmd 0x170 ctl 0x376 bmdma 0xd008 irq 15
[    5.767261] libphy: Fixed MDIO Bus: probed
[    5.769015] tun: Universal TUN/TAP device driver, 1.6
[    5.769764] tun: (C) 1999-2004 Max Krasnyansky <maxk@qualcomm.com>
[    5.770741] PPP generic driver version 2.4.2
[    5.771524] ehci_hcd: USB 2.0 'Enhanced' Host Controller (EHCI) Driver
[    5.772442] ehci-pci: EHCI PCI platform driver
[    5.773129] ehci-platform: EHCI generic platform driver
[    5.773894] ohci_hcd: USB 1.1 'Open' Host Controller (OHCI) Driver
[    5.774775] ohci-pci: OHCI PCI platform driver
[    5.775452] ohci-platform: OHCI generic platform driver
[    5.776211] uhci_hcd: USB Universal Host Controller Interface driver
[    5.777133] i8042: PNP: PS/2 Controller [PNP0303:PS2K,PNP0f03:PS2M] at 0x60,0x64 irq 1,12
[    5.778757] serio: i8042 KBD port at 0x60,0x64 irq 1
[    5.782621] serio: i8042 AUX port at 0x60,0x64 irq 12
[    5.783561] mousedev: PS/2 mouse device common for all mice
[    5.784704] input: AT Translated Set 2 keyboard as /devices/platform/i8042/serio0/input/input2
[    5.786338] rtc_cmos rtc_cmos: rtc core: registered rtc_cmos as rtc0
[    5.790770] rtc_cmos rtc_cmos: alarms up to one day, 114 bytes nvram
[    5.791660] i2c /dev entries driver
[    5.792276] device-mapper: uevent: version 1.0.3
[    5.793056] device-mapper: ioctl: 4.34.0-ioctl (2015-10-28) initialised: dm-devel@redhat.com
[    5.794343] ledtrig-cpu: registered to indicate activity on CPUs
[    5.795644] NET: Registered protocol family 10
[    5.796469] NET: Registered protocol family 17
[    5.797159] Key type dns_resolver registered
[    5.797998] microcode: CPU0 sig=0x806e9, pf=0x2, revision=0x0
[    5.798889] microcode: CPU1 sig=0x806e9, pf=0x2, revision=0x0
[    5.799711] microcode: Microcode Update Driver: v2.01 <tigran@aivazian.fsnet.co.uk>, Peter Oruba
[    5.801252] registered taskstats version 1
[    5.801914] Loading compiled-in X.509 certificates
[    5.803107] Loaded X.509 cert 'Build time autogenerated kernel key: aa84f01984fbd529c105810b59e379d349698248'
[    5.804542] zswap: loaded using pool lzo/zbud
[    5.806950] Key type trusted registered
[    5.813526] Key type encrypted registered
[    5.818511] AppArmor: AppArmor sha1 policy hashing enabled
[    5.819295] ima: No TPM chip found, activating TPM-bypass!
[    5.820094] evm: HMAC attrs: 0x1
[    5.820901]   Magic number: 10:98:20
[    5.859593] rtc_cmos rtc_cmos: setting system clock to 2018-03-16 09:02:55 UTC (1521190975)
[    6.030625] BIOS EDD facility v0.16 2004-Jun-25, 0 devices found
[    6.144591] EDD information not available.
[    6.207326] Freeing unused kernel memory: 1508K
[    6.282334] Write protecting the kernel read-only data: 14336k
[    6.338767] Freeing unused kernel memory: 1700K
[    6.339526] Freeing unused kernel memory: 104K
Loading, please wait...
[    6.351385] random: systemd-udevd: uninitialized urandom read (16 bytes read, 3 bits of entropy available)
starting version[    6.351940] random: udevadm: uninitialized urandom read (16 bytes read, 3 bits of entropy available)
 229
[    6.351981] random: udevadm: uninitialized urandom read (16 bytes read, 3 bits of entropy available)
[    6.362218] random: udevadm: uninitialized urandom read (16 bytes read, 3 bits of entropy available)
[    6.362270] random: udevadm: uninitialized urandom read (16 bytes read, 3 bits of entropy available)
[    6.362430] random: udevadm: uninitialized urandom read (16 bytes read, 3 bits of entropy available)
[    6.362489] random: udevadm: uninitialized urandom read (16 bytes read, 3 bits of entropy available)
[    6.362548] random: udevadm: uninitialized urandom read (16 bytes read, 3 bits of entropy available)
[    6.362614] random: udevadm: uninitialized urandom read (16 bytes read, 3 bits of entropy available)
[    6.362671] random: udevadm: uninitialized urandom read (16 bytes read, 3 bits of entropy available)
[    7.843864] e1000: Intel(R) PRO/1000 Network Driver - version 7.3.21-k8-NAPI
[    8.067559] e1000: Copyright (c) 1999-2006 Intel Corporation.
[    8.104602] Fusion MPT base driver 3.04.20
[    8.225890] Copyright (c) 1999-2008 LSI Corporation
[    8.401188] AVX2 version of gcm_enc/dec engaged.
[    8.412698] AES CTR mode by8 optimization enabled
[    8.417270] Fusion MPT SPI Host driver 3.04.20
[    8.591737] input: ImExPS/2 Generic Explorer Mouse as /devices/platform/i8042/serio1/input/input4
[    8.809741] e1000 0000:00:03.0 eth0: (PCI:33MHz:32-bit) 02:27:b7:20:75:f7
[    8.818633] e1000 0000:00:03.0 eth0: Intel(R) PRO/1000 Network Connection
[    9.638874] e1000 0000:00:08.0 eth1: (PCI:33MHz:32-bit) 08:00:27:9d:b2:22
[    9.794507] e1000 0000:00:08.0 eth1: Intel(R) PRO/1000 Network Connection
[    9.895652] e1000 0000:00:03.0 enp0s3: renamed from eth0
[    9.900262] mptbase: ioc0: Initiating bringup
[   10.106508] e1000 0000:00:08.0 enp0s8: renamed from eth1
[   10.750158] ioc0: LSI53C1030 A0: Capabilities={Initiator}
[   11.107017] floppy0: no floppy controllers found
[   11.117282] scsi host2: ioc0: LSI53C1030 A0, FwRev=00000000h, Ports=1, MaxQ=256, IRQ=20
[   11.403349] scsi 2:0:0:0: Direct-Access     VBOX     HARDDISK         1.0  PQ: 0 ANSI: 5
[   11.792748] scsi target2:0:0: Beginning Domain Validation
[   11.813258] scsi target2:0:0: Domain Validation skipping write tests
[   11.821566] scsi target2:0:0: Ending Domain Validation
[   11.918284] scsi target2:0:0: asynchronous
[   11.936049] scsi 2:0:1:0: Direct-Access     VBOX     HARDDISK         1.0  PQ: 0 ANSI: 5
[   11.992866] scsi target2:0:1: Beginning Domain Validation
[   11.994071] scsi target2:0:1: Domain Validation skipping write tests
[   12.002337] scsi target2:0:1: Ending Domain Validation
[   12.095371] scsi target2:0:1: asynchronous
[   12.688442] sd 2:0:0:0: [sda] 20971520 512-byte logical blocks: (10.7 GB/10.0 GiB)
[   12.688666] sd 2:0:0:0: Attached scsi generic sg0 type 0
[   12.794637] sd 2:0:1:0: Attached scsi generic sg1 type 0
[   12.795119] sd 2:0:1:0: [sdb] 20480 512-byte logical blocks: (10.5 MB/10.0 MiB)
[   12.795199] sd 2:0:1:0: [sdb] Write Protect is off
[   12.795248] sd 2:0:1:0: [sdb] Incomplete mode parameter data
[   12.795249] sd 2:0:1:0: [sdb] Assuming drive cache: write through
[   12.797339] sd 2:0:1:0: [sdb] Attached SCSI disk
[   12.893517] sd 2:0:0:0: [sda] Write Protect is off
[   12.894252] sd 2:0:0:0: [sda] Incomplete mode parameter data
[   13.012663] sd 2:0:0:0: [sda] Assuming drive cache: write through
[   13.014412]  sda: sda1
[   13.052948] sd 2:0:0:0: [sda] Attached SCSI disk
Begin: Loading e[   14.331085] md: linear personality registered for level -1
ssential drivers ... [   14.465245] md: multipath personality registered for level -4
[   14.580729] md: raid0 personality registered for level 0
[   14.691359] md: raid1 personality registered for level 1
[   14.853873] raid6: sse2x1   gen() 11818 MB/s
[   15.001917] raid6: sse2x1   xor()  8852 MB/s
[   15.153912] raid6: sse2x2   gen() 13881 MB/s
[   15.249910] raid6: sse2x2   xor() 10123 MB/s
[   15.381920] raid6: sse2x4   gen() 16503 MB/s
[   15.541912] raid6: sse2x4   xor() 11463 MB/s
[   15.693905] raid6: avx2x1   gen() 23128 MB/s
[   15.861911] raid6: avx2x2   gen() 26322 MB/s
[   16.017905] raid6: avx2x4   gen() 28974 MB/s
[   16.108723] raid6: using algorithm avx2x4 gen() 28974 MB/s
[   16.193965] raid6: using avx2x2 recovery algorithm
[   16.284247] xor: automatically using best checksumming function:
[   16.342176]    avx       : 58248.000 MB/sec
[   16.363642] async_tx: api initialized (async)
[   16.373132] md: raid6 personality registered for level 6
[   16.388088] md: raid5 personality registered for level 5
[   16.388867] md: raid4 personality registered for level 4
[   16.394638] md: raid10 personality registered for level 10
done.
Begin: Running /[   16.524508] Btrfs loaded
scripts/init-premount ... done.
Begin: Mounting root file system ... Begin: Running /scripts/local-top ... done.
Begin: Running /scripts/local-premount ... Scanning for Btrfs filesystems
done.
Warning: fsck no[   16.619174] EXT4-fs (sda1): mounted filesystem with ordered data mode. Opts: (null)
t present, so skipping root file system
done.
Begin: Running /scripts/local-bottom ... done.
Begin: Running /scripts/init-bottom ... done.
[   16.778208] systemd[1]: systemd 229 running in system mode. (+PAM +AUDIT +SELINUX +IMA +APPARMOR +SMACK +SYSVINIT +UTMP +LIBCRYPTSETUP +GCRYPT +GNUTLS +ACL +XZ -LZ4 +SECCOMP +BLKID +ELFUTILS +KMOD -IDN)
[   17.165888] systemd[1]: Detected virtualization oracle.
[   17.238216] systemd[1]: Detected architecture x86-64.

Welcome to [1mUbuntu 16.04.4 LTS[0m!

[ 17.373275] systemd[1]: Set hostname to <ubuntu>.

[   17.432471] systemd[1]: Initializing machine ID from random generator.
[   17.434862] systemd[1]: Installed transient /etc/machine-id file.
[   17.588602] systemd[1]: Listening on Journal Socket (/dev/log).
[[0;32m  OK  [0m] Listening on Journal Socket (/dev/log).
[   17.595738] systemd[1]: Reached target User and Group Name Lookups.
[[0;32m  OK  [0m] Reached target User and Group Name Lookups.
[   17.597659] systemd[1]: Set up automount Arbitrary Executable File Formats File System Automount Point.
[[0;32m  OK  [0m] Set up automount Arbitrary Executab...ats File System Automount Point.
[   17.603665] systemd[1]: Listening on LVM2 metadata daemon socket.
[[0;32m  OK  [0m] Listening on LVM2 metadata daemon socket.
[   17.605730] systemd[1]: Created slice User and Session Slice.
[[0;32m  OK  [0m] Created slice User and Session Slice.
[   17.608606] systemd[1]: Started Forward Password Requests to Wall Directory Watch.
[[0;32m  OK  [0m] Started Forward Password Requests to Wall Directory Watch.
[   17.612517] systemd[1]: Listening on Device-mapper event daemon FIFOs.
[[0;32m  OK  [0m] Listening on Device-mapper event daemon FIFOs.
[   17.614395] systemd[1]: Listening on Syslog Socket.
[[0;32m  OK  [0m] Listening on Syslog Socket.
[   17.615973] systemd[1]: Listening on udev Control Socket.
[[0;32m  OK  [0m] Listening on udev Control Socket.
[   17.618464] systemd[1]: Reached target Encrypted Volumes.
[[0;32m  OK  [0m] Reached target Encrypted Volumes.
[   17.620095] systemd[1]: Reached target Swap.
[[0;32m  OK  [0m] Reached target Swap.
[   17.622569] systemd[1]: Listening on Journal Audit Socket.
[[0;32m  OK  [0m] Listening on Journal Audit Socket.
[   17.627571] systemd[1]: Listening on LVM2 poll daemon socket.
[[0;32m  OK  [0m] Listening on LVM2 poll daemon socket.
[   17.629295] systemd[1]: Listening on /dev/initctl Compatibility Named Pipe.
[[0;32m  OK  [0m] Listening on /dev/initctl Compatibility Named Pipe.
[   17.631272] systemd[1]: Listening on udev Kernel Socket.
[[0;32m  OK  [0m] Listening on udev Kernel Socket.
[   17.633149] systemd[1]: Created slice System Slice.
[[0;32m  OK  [0m] Created slice System Slice.
[   17.635790] systemd[1]: Reached target Slices.
[[0;32m  OK  [0m] Reached target Slices.
[   17.638579] systemd[1]: Created slice system-serial\x2dgetty.slice.
[[0;32m  OK  [0m] Created slice system-serial\x2dgetty.slice.
[   17.643772] systemd[1]: Listening on Journal Socket.
[[0;32m  OK  [0m] Listening on Journal Socket.
[   17.657960] systemd[1]: Mounting Huge Pages File System...
         Mounting Huge Pages File System...
[   17.665299] systemd[1]: Mounting Debug File System...
         Mounting Debug File System...
[   17.673960] systemd[1]: Starting Load Kernel Modules...
         Starting Load Kernel Modules...
[   17.688525] random: nonblocking pool is initialized
[   17.690074] systemd[1]: Starting Monitoring of LVM2 mirrors, snapshots etc. using dmeventd or progress polling...
         Starting Monitoring of LVM2 mirrors... dmeventd or progress polling...
[   17.701476] systemd[1]: Starting Create list of required static device nodes for the current kernel...
         [   17.721332] Loading iSCSI transport class v2.0-870.
Starting Create list of required st... nodes for the current kernel...
[   18.255459] systemd[1]: Starting Set console keymap...
         Starting Set console keymap...
[   18.336586] iscsi: registered transport (tcp)
[   18.343075] systemd[1]: Starting Nameserver information manager...
         Starting Nameserver information manager...
[   18.357659] systemd[1]: Starting Remount Root and Kernel File Systems...
         Starting Remount Root and Kernel File Systems...
[   18.374502] EXT4-fs (sda1): re-mounted. Opts: (null)
[   18.381109] systemd[1]: Starting Uncomplicated firewall...
         Starting Uncomplicated firewall...
[   18.394762] systemd[1]: Mounting POSIX Message Queue File System...
         Mounting POSIX Message Queue File System...
[   18.410727] systemd[1]: Starting Journal Service...
         Starting Journal Service...
[   18.419720] iscsi: registered transport (iser)
[   18.533998] systemd[1]: Started Trigger resolvconf update for networkd DNS.
[[0;32m  OK  [0m] Started Trigger resolvconf update for networkd DNS.
[   18.613099] systemd[1]: Mounted POSIX Message Queue File System.
[[0;32m  OK  [0m] Mounted POSIX Message Queue File System.
[   18.616000] systemd[1]: Mounted Huge Pages File System.
[[0;32m  OK  [0m] Mounted Huge Pages File System.
[   18.627369] systemd[1]: Mounted Debug File System.
[[0;32m  OK  [0m] Mounted Debug File System.
[   18.628978] systemd[1]: Started Journal Service.
[[0;32m  OK  [0m] Started Journal Service.
[[0;32m  OK  [0m] Started Load Kernel Modules.
[[0;32m  OK  [0m] Started Create list of required sta...ce nodes for the current kernel.
[[0;32m  OK  [0m] Started Set console keymap.
[[0;32m  OK  [0m] Started Remount Root and Kernel File Systems.
[[0;32m  OK  [0m] Started Uncomplicated firewall.
[[0;32m  OK  [0m] Started Nameserver information manager.
[[0;32m  OK  [0m] Started LVM2 metadata daemon.
         Starting Load/Save Random Seed...
         Starting udev Coldplug all Devices...
         Starting Initial cloud-init job (pre-networking)...
         Starting Create Static Device Nodes in /dev...
         Mounting FUSE Control File System...
         Starting Apply Kernel Variables...
         Starting Flush Journal to Persistent Storage...
[[0;32m  OK  [0m] Mounted FUSE Control File System.
[[0;32m  OK  [0m] Started Monitoring of LVM2 mirrors,...ng dmeventd or progress polling.
[[0;32m  OK  [0m] Started Load/Save Random Seed.
[[0;32m  OK  [0m] Started Create Static Device Nodes in /dev.
[[0;32m  OK  [0m] Started Apply Kernel Variables.
         Starting udev Kernel Device Manager...
[[0;32m  OK  [0m] Started Flush Journal to Persistent Storage.
[[0;32m  OK  [0m] Started udev Coldplug all Devices.
[[0;32m  OK  [0m] Started udev Kernel Device Manager.
[[0;32m  OK  [0m] Reached target Local File Systems (Pre).
[[0;32m  OK  [0m] Reached target Local File Systems.
         Starting Tell Plymouth To Write Out Runtime Data...
         Starting Commit a transient machine-id on disk...
         Starting LSB: AppArmor initialization...
         Starting Set console font and keymap...
[[0;32m  OK  [0m] Started Dispatch Password Requests to Console Directory Watch.
         Starting Create Volatile Files and Directories...
[[0;32m  OK  [0m] Started Tell Plymouth To Write Out Runtime Data.
[[0;32m  OK  [0m] Started Commit a transient machine-id on disk.
[[0;32m  OK  [0m] Started Create Volatile Files and Directories.
[[0;32m  OK  [0m] Found device /dev/ttyS0.
[   16.957041] cloud-init[447]: Cloud-init v. 17.1 running 'init-local' at Fri, 16 Mar 2018 09:03:09 +0000. Up 16.59 seconds.
[[0;1;31mFAILED[0m] Failed to start Set console font and keymap.
See 'systemctl status console-setup.service' for details.
[[0;32m  OK  [0m] Started LSB: AppArmor initialization.
[[0;32m  OK  [0m] Started Initial cloud-init job (pre-networking).
[[0;32m  OK  [0m] Listening on Load/Save RF Kill Switch Status /dev/rfkill Watch.
[[0;32m  OK  [0m] Reached target Network (Pre).
         Starting Raise network interfaces...
[[0;32m  OK  [0m] Created slice system-getty.slice.
[[0;32m  OK  [0m] Reached target System Time Synchronized.
         Starting Update UTMP about System Boot/Shutdown...
[[0;32m  OK  [0m] Started Update UTMP about System Boot/Shutdown.
[[0;32m  OK  [0m] Started Raise network interfaces.
[[0;32m  OK  [0m] Reached target Network.
         Starting Initial cloud-init job (metadata service crawler)...
[   20.723292] cloud-init[920]: Cloud-init v. 17.1 running 'init' at Fri, 16 Mar 2018 09:03:12 +0000. Up 20.12 seconds.
[   20.756433] cloud-init[920]: ci-info: ++++++++++++++++++++++++++++++++++++++Net device info++++++++++++++++++++++++++++++++++++++
[   20.845875] cloud-init[920]: ci-info: +--------+-------+----------------------------+---------------+-------+-------------------+
[[0;32m  OK  [0m] Started Initial cloud-init job (metadata service crawler).
[   20.846905] cloud-init[920]: ci-info: | Device |   Up  |          Address           |      Mask     | Scope |     Hw-Address    |
[   20.953678] cloud-init[920]: ci-info: +--------+-------+----------------------------+---------------+-------+-------------------+
[   20.962190] cloud-init[920]: ci-info: | enp0s3 |  True |         10.0.2.15          | 255.255.255.0 |   .   | 02:27:b7:20:75:f7 |
[   20.963068] cloud-init[920]: ci-info: | enp0s3 |  True | fe80::27:b7ff:fe20:75f7/64 |       .       |  link | 02:27:b7:20:75:f7 |
[[0;32m  OK  [0m] Reached target System Initialization.
[   20.963569] cloud-init[920]: ci-info: | enp0s8 | False |             .              |       .       |   .   | 08:00:27:9d:b2:22 |
[   21.050160] cloud-init[920]: ci-info: |   lo   |  True |         127.0.0.1          |   255.0.0.0   |   .   |         .         |
[   21.050963] cloud-init[920]: ci-info: |   lo   |  True |          ::1/128           |       .       |  host |         .         |
         Starting LXD - unix socket.
[   21.051484] cloud-init[920]: ci-info: +--------+-------+----------------------------+---------------+-------+-------------------+
[   21.063788] cloud-init[920]: ci-info: +++++++++++++++++++++++++++Route IPv4 info++++++++++++++++++++++++++++
[[0;32m  OK  [0m] Listening on ACPID Listen Socket.
[[   21.064391] cloud-init[920]: ci-info: +-------+-------------+----------+---------------+-----------+-------+
[   21.075973] cloud-init[920]: ci-info: | Route | Destination | Gateway  |    Genmask    | Interface | Flags |
[   21.076545] cloud-init[920]: ci-info: +-------+-------------+----------+---------------+-----------+-------+
[   21.077171] cloud-init[920]: ci-info: |   0   |   0.0.0.0   | 10.0.2.2 |    0.0.0.0    |   enp0s3  |   UG  |
[   21.077771] cloud-init[920]: ci-info: |   1   |   10.0.2.0  | 0.0.0.0  | 255.255.255.0 |   enp0s3  |   U   |
[   21.078370] cloud-init[920]: ci-info: +-------+-------------+----------+---------------+-----------+-------+
[   21.078970] cloud-init[920]: Generating public/private rsa key pair.
[   21.079566] cloud-init[920]: Your identification has been saved in /etc/ssh/ssh_host_rsa_key.
[   21.080466] cloud-init[920]: Your public key has been saved in /etc/ssh/ssh_host_rsa_key.pub.
[   21.081051] cloud-init[920]: The key fingerprint is:
[   21.081382] cloud-init[920]: SHA256:Qq8/rBqrZHqmsk5K5a5vKODB+5tZUQa3UzvpaOxJ80E root@ubuntu-xenial
[   21.081847] cloud-init[920]: The key's randomart image is:
[   21.082297] cloud-init[920]: +---[RSA 2048]----+
[   21.082764] cloud-init[920]: |     . . .       |
[   21.083213] cloud-init[920]: |      o o o      |
[   21.083673] cloud-init[920]: |      .= E       |
[   21.084489] cloud-init[920]: |     .+.= .      |
[   21.084889] cloud-init[920]: |.  . ..*So       |
[   21.085340] cloud-init[920]: |.oo   =o+ .      |
[   21.085701] cloud-init[920]: |oo*....+ .       |
[   21.086101] cloud-init[920]: |*B+.+o .o        |
[   21.086459] cloud-init[920]: |OB*O+.....       |
[   21.086651] cloud-init[920]: +----[SHA256]-----+
[   21.087014] cloud-init[920]: Generating public/private dsa key pair.
[   21.087375] cloud-init[920]: Your identification has been saved in /etc/ssh/ssh_host_dsa_key.
[   21.087749] cloud-init[920]: Your public key has been saved in /etc/ssh/ssh_host_dsa_key.pub.
[   21.088308] cloud-init[920]: The key fingerprint is:
[   21.088676] cloud-init[920]: SHA256:ynDQAmQEdDjQMnMjArj9AGDD1LQcw7gfqX7zncX+q3Q root@ubuntu-xenial
[   21.089033] cloud-init[920]: The key's randomart image is:
[   21.089389] cloud-init[920]: +---[DSA 1024]----+
[   21.089752] cloud-init[920]: |&X@=             |
[   21.090115] cloud-init[920]: |X*B++.           |
[   21.090456] cloud-init[920]: |.Xo++ .          |
[   21.090753] cloud-init[920]: |..oo o           |
[   21.091052] cloud-init[920]: |  ooo . S        |
[   21.091354] cloud-init[920]: | . ..+ ..        |
[   21.091653] cloud-init[920]: |.     o  + E     |
[   21.091952] cloud-init[920]: | . o  . = .      |
[   21.092267] cloud-init[920]: |  . o. o ooo.    |
[   21.092559] cloud-init[920]: +----[SHA256]-----+
[   21.092870] cloud-init[920]: Generating public/private ecdsa key pair.
[   21.093172] cloud-init[920]: Your identification has been saved in /etc/ssh/ssh_host_ecdsa_key.
[   21.093482] cloud-init[920]: Your public key has been saved in /etc/ssh/ssh_host_ecdsa_key.pub.
[   21.093812] cloud-init[920]: The key fingerprint is:
[   21.093970] cloud-init[920]: SHA256:0pPtmToeK/qGAodXeNtLVAxPbBGxz9rGEiCzm59mbWI root@ubuntu-xenial
[   21.094270] cloud-init[920]: The key's randomart image is:
[   21.094575] cloud-init[920]: +---[ECDSA 256]---+
[   21.094881] cloud-init[920]: |      .+=+       |
[   21.095187] cloud-init[920]: |       o=.       |
[   21.095468] cloud-init[920]: |   .o .oo        |
[   21.095730] cloud-init[920]: |  . o+.o =       |
[   21.096029] cloud-init[920]: | . o.+. S +      |
[   21.096264] cloud-init[920]: |o o .oo. B o     |
[   21.096398] cloud-init[920]: | +  oo o+ B      |
[   21.096658] cloud-init[920]: |  . ..E.+*       |
[   21.096922] cloud-init[920]: |   ..B+=+.       |
[   21.097058] cloud-init[920]: +----[SHA256]-----+
[   21.097312] cloud-init[920]: Generating public/private ed25519 key pair.
[   21.097582] cloud-init[920]: Your identification has been saved in /etc/ssh/ssh_host_ed25519_key.
[   21.097840] cloud-init[920]: Your public key has been saved in /etc/ssh/ssh_host_ed25519_key.pub.
[   21.098104] cloud-init[920]: The key fingerprint is:
[   21.098363] cloud-init[920]: SHA256:F9peDsg4gQy9Vbmn1xxe/q6IHhficeSoFYyfaVDeYgQ root@ubuntu-xenial
[   21.098628] cloud-init[920]: The key's randomart image is:
[   21.098886] cloud-init[920]: +--[ED25519 256]--+
[0;32m  OK  [0m] Started Daily apt download activities.
[   21.099150] cloud-init[920]: |  ..   .Eoo      |
[[   21.123931] cloud-init[920]: |   o... .* .     |
[   21.124192] cloud-init[920]: |    oo. o.B o    |
[   21.124394] cloud-init[920]: |    .  +.B.X. .  |
[   21.124620] cloud-init[920]: |      o So&+=+   |
[0;32m  OK  [0m] Started ACPI Events Check.
[   21.124720] cloud-init[920]: |       ..B.B+..  |
[   21.139380] cloud-init[920]: |        ..+ o  . |
[[0;32m  OK  [0m] Reached target Paths.
[   21.139474] cloud-init[920]: |           + .  .|
[   21.141828] cloud-init[920]: |         .o . .o.|
[[0;32m  OK  [0m] Listening on UUID daemon activation socket.
[   21.141926] cloud-init[920]: +----[SHA256]-----+
         Starting Socket activation for snappy daemon.
[[0;32m  OK  [0m] Started Daily Cleanup of Temporary Directories.
[[0;32m  OK  [0m] Listening on D-Bus System Message Bus Socket.
[[0;32m  OK  [0m] Started Daily apt upgrade and clean activities.
[[0;32m  OK  [0m] Started Timer to automatically refresh installed snaps.
[[0;32m  OK  [0m] Reached target Timers.
[[0;32m  OK  [0m] Reached target Network is Online.
         Starting iSCSI initiator daemon (iscsid)...
[[0;32m  OK  [0m] Reached target Cloud-config availability.
[[0;32m  OK  [0m] Listening on LXD - unix socket.
[[0;32m  OK  [0m] Listening on Socket activation for snappy daemon.
[[0;32m  OK  [0m] Reached target Sockets.
[[0;32m  OK  [0m] Reached target Basic System.
         Starting /etc/rc.local Compatibility...
         Starting LSB: MD monitoring daemon...
[[0;32m  OK  [0m] Started Regular background program processing daemon.
         Starting LSB: Record successful boot for GRUB...
[[0;32m  OK  [0m] Started D-Bus System Message Bus.
         Starting Apply the settings specified in cloud-config...
         Starting Snappy daemon...
[[0;32m  OK  [0m] Started ACPI event daemon.
         Starting System Logging Service...
         Starting Login Service...
[[0;32m  OK  [0m] Started Unattended Upgrades Shutdown.
[[0;32m  OK  [0m] Started Deferred execution scheduler.
         Starting Pollinate to seed the pseudo random number generator...
         Starting Accounts Service...
[[0;32m  OK  [0m] Started FUSE filesystem for LXC.
         Starting LXD - container startup/shutdown...
[[0;32m  OK  [0m] Started System Logging Service.
[[0;32m  OK  [0m] Started iSCSI initiator daemon (iscsid).
[[0;32m  OK  [0m] Started /etc/rc.local Compatibility.
[[0;32m  OK  [0m] Started LSB: MD monitoring daemon.
[[0;32m  OK  [0m] Started LSB: Record successful boot for GRUB.
[[0;32m  OK  [0m] Started Snappy daemon.
[[0;32m  OK  [0m] Started Login Service.
         Starting Authenticate and Authorize Users to Run Privileged Tasks...
         Starting Login to default iSCSI targets...
[[0;32m  OK  [0m] Started LXD - container startup/shutdown.
[[0;32m  OK  [0m] Started Authenticate and Authorize Users to Run Privileged Tasks.
[[0;32m  OK  [0m] Started Accounts Service.
[[0;32m  OK  [0m] Started Login to default iSCSI targets.
[[0;32m  OK  [0m] Reached target Remote File Systems (Pre).
[[0;32m  OK  [0m] Reached target Remote File Systems.
         Starting LSB: daemon to balance interrupts for SMP systems...
         Starting LSB: Set the CPU Frequency Scaling governor to "ondemand"...
         Starting LSB: automatic crash report generation...
         Starting LSB: VirtualBox Linux Additions...
         Starting Permit User Sessions...
[[0;32m  OK  [0m] Started Permit User Sessions.
[[0;32m  OK  [0m] Started LSB: Set the CPU Frequency Scaling governor to "ondemand".
         Starting Terminate Plymouth Boot Screen...
[   21.701665] cloud-init[1037]: Generating locales (this might take a while)...
         Starting Hold until boot process finishes up...
[[0;32m  OK  [0m] Started Pollinate to seed the pseudo random number generator.
[[0;32m  OK  [0m] Started LSB: daemon to balance interrupts for SMP systems.
[[0;32m  OK  [0m] Started LSB: automatic crash report generation.
[[0;32m  OK  [0m] Started LSB: VirtualBox Linux Additions.
[[0;32m  OK  [0m] Started Terminate Plymouth Boot Screen.
[[0;32m  OK  [0m] Started Hold until boot process finishes up.
         Starting Set console scheme...
[[0;32m  OK  [0m] Started Serial Getty on ttyS0.
[[0;32m  OK  [0m] Started Getty on tty1.
[[0;32m  OK  [0m] Reached target Login Prompts.
         Starting OpenBSD Secure Shell server...
[[0;32m  OK  [0m] Started Set console scheme.
[[0;32m  OK  [0m] Started OpenBSD Secure Shell server.
[[0;32m  OK  [0m] Reached target Multi-User System.
[[0;32m  OK  [0m] Reached target Graphical Interface.
         Starting Update UTMP about System Runlevel Changes...
[[0;32m  OK  [0m] Started Update UTMP about System Runlevel Changes.
[   22.295023] cloud-init[1037]:   en_US.UTF-8... done
[   22.301202] cloud-init[1037]: Generation complete.
[   22.565490] cloud-init[1037]: Cloud-init v. 17.1 running 'modules:config' at Fri, 16 Mar 2018 09:03:14 +0000. Up 21.55 seconds.
[[0;32m  OK  [0m] Started Apply the settings specified in cloud-config.
         Starting Execute cloud user/final scripts...
ci-info: no authorized ssh keys fingerprints found for user ubuntu.
<14>Mar 16 09:03:15 ec2: 
<14>Mar 16 09:03:15 ec2: #############################################################
<14>Mar 16 09:03:15 ec2: -----BEGIN SSH HOST KEY FINGERPRINTS-----
<14>Mar 16 09:03:15 ec2: 1024 SHA256:ynDQAmQEdDjQMnMjArj9AGDD1LQcw7gfqX7zncX+q3Q root@ubuntu-xenial (DSA)
<14>Mar 16 09:03:15 ec2: 256 SHA256:0pPtmToeK/qGAodXeNtLVAxPbBGxz9rGEiCzm59mbWI root@ubuntu-xenial (ECDSA)
<14>Mar 16 09:03:15 ec2: 256 SHA256:F9peDsg4gQy9Vbmn1xxe/q6IHhficeSoFYyfaVDeYgQ root@ubuntu-xenial (ED25519)
<14>Mar 16 09:03:15 ec2: 2048 SHA256:Qq8/rBqrZHqmsk5K5a5vKODB+5tZUQa3UzvpaOxJ80E root@ubuntu-xenial (RSA)
<14>Mar 16 09:03:15 ec2: -----END SSH HOST KEY FINGERPRINTS-----
<14>Mar 16 09:03:15 ec2: #############################################################
-----BEGIN SSH HOST KEY KEYS-----
ecdsa-sha2-nistp256 AAAAE2VjZHNhLXNoYTItbmlzdHAyNTYAAAAIbmlzdHAyNTYAAABBBCpF6M6s8QJcfk1o3YFjnxnxi6jWAh3ILpx9yVg2Up3CIUy6w/Tyl19pLafHn5Ufj74M5Rdgc9N987lQWw8Xqcg= root@ubuntu-xenial
ssh-ed25519 AAAAC3NzaC1lZDI1NTE5AAAAILCeplddBbY0LPUsMK0DDh+mPfAo7o8Zu8Z8A/MGHH1w root@ubuntu-xenial
ssh-rsa AAAAB3NzaC1yc2EAAAADAQABAAABAQC+Q2DkztO3ZUgEfJBFJlh4lTbiiCAV9RHAyDkLzA9e4aNYxVcc059waZiFi9DVrQThQuBuiZCBaq/tEBOtEb75PoQdyEf9BrV89zlrpik5JTqqE0oSi5YMtgx1iEFMBrMvWSvU6BkYMMT/ZEhvgdiNZHlRE0rj0DnPppdZYGqo9E19xVp7/P0GaJBTQ3WKZvJ8whO7reeFBkWmRCragD1+MQbspXgDei0GjNwRNk0Vx2sJNfgtxuD4j+w3F27ClH5m4PVf03vzTWbb8I2SozQ7mRDWhAlNu1lWlDGgJW115Or8UbnjDiQRojnZM22YS8brB2ILFTspeIBMP8C31Jxr root@ubuntu-xenial
-----END SSH HOST KEY KEYS-----
[   23.509184] cloud-init[1271]: Cloud-init v. 17.1 running 'modules:final' at Fri, 16 Mar 2018 09:03:15 +0000. Up 22.95 seconds.
[   23.530252] cloud-init[1271]: ci-info: no authorized ssh keys fingerprints found for user ubuntu.
[   23.542187] cloud-init[1271]: Cloud-init v. 17.1 finished at Fri, 16 Mar 2018 09:03:15 +0000. Datasource DataSourceNoCloud [seed=/dev/sdb][dsmode=net].  Up 23.48 seconds
[[0;32m  OK  [0m] Started Execute cloud user/final scripts.
[[0;32m  OK  [0m] Reached target Cloud-init target.

Ubuntu 16.04.4 LTS ubuntu-xenial ttyS0

ubuntu-xenial login: 